<?xml version="1.0" encoding="UTF-8"?>
<testsuite xmlns:xsi="http://www.w3.org/2001/XMLSchema-instance" xsi:noNamespaceSchemaLocation="https://maven.apache.org/surefire/maven-surefire-plugin/xsd/surefire-test-report-3.0.xsd" version="3.0" name="TestSuite" time="37.724" tests="40" errors="0" skipped="33" failures="3">
  <properties>
[...]
</properties>
  <testcase name="testRunIndependentlyValidateLoginPageLogo" classname="testCases.TestLoginPages" time="0.495"/>
  <testcase name="testValidateLoginPageLogo" classname="testCases.TestLoginPages" time="0.173"/>
  <testcase name="testlogin" classname="testCases.TestLoginPages" time="1.203"/>
  <testcase name="setUp" classname="testCases.TestHomePage" time="23.025">
    <failure message="no such element: Unable to locate element: {&quot;method&quot;:&quot;css selector&quot;,&quot;selector&quot;:&quot;*[name=&apos;email&apos;]&quot;}&#10;  (Session info: chrome=87.0.4280.67)&#10;For documentation on this error, please visit: https://www.seleniumhq.org/exceptions/no_such_element.html&#10;Build info: version: &apos;3.141.59&apos;, revision: &apos;e82be7d358&apos;, time: &apos;2018-11-14T08:17:03&apos;&#10;System info: host: &apos;abcs-MBP&apos;, ip: &apos;fe80:0:0:0:876:28d0:5ce6:d02%en0&apos;, os.name: &apos;Mac OS X&apos;, os.arch: &apos;x86_64&apos;, os.version: &apos;10.16&apos;, java.version: &apos;14.0.1&apos;&#10;Driver info: org.openqa.selenium.chrome.ChromeDriver&#10;Capabilities {acceptInsecureCerts: false, browserName: chrome, browserVersion: 87.0.4280.67, chrome: {chromedriverVersion: 86.0.4240.22 (398b0743353ff..., userDataDir: /var/folders/5w/mkcmv9wd2n9...}, goog:chromeOptions: {debuggerAddress: localhost:54247}, javascriptEnabled: true, networkConnectionEnabled: false, pageLoadStrategy: normal, platform: MAC, platformName: MAC, proxy: Proxy(), setWindowRect: true, strictFileInteractability: false, timeouts: {implicit: 0, pageLoad: 300000, script: 30000}, unhandledPromptBehavior: dismiss and notify, webauthn:virtualAuthenticators: true}&#10;Session ID: 6adf4ee745e4e441f12d0f4801c1c3d7&#10;*** Element info: {Using=name, value=email}" type="org.openqa.selenium.NoSuchElementException">org.openqa.selenium.NoSuchElementException: 
no such element: Unable to locate element: {"method":"css selector","selector":"*[name='email']"}
  (Session info: chrome=87.0.4280.67)
For documentation on this error, please visit: https://www.seleniumhq.org/exceptions/no_such_element.html
Build info: version: '3.141.59', revision: 'e82be7d358', time: '2018-11-14T08:17:03'
System info: host: 'abcs-MBP', ip: 'fe80:0:0:0:876:28d0:5ce6:d02%en0', os.name: 'Mac OS X', os.arch: 'x86_64', os.version: '10.16', java.version: '14.0.1'
Driver info: org.openqa.selenium.chrome.ChromeDriver
Capabilities {acceptInsecureCerts: false, browserName: chrome, browserVersion: 87.0.4280.67, chrome: {chromedriverVersion: 86.0.4240.22 (398b0743353ff..., userDataDir: /var/folders/5w/mkcmv9wd2n9...}, goog:chromeOptions: {debuggerAddress: localhost:54247}, javascriptEnabled: true, networkConnectionEnabled: false, pageLoadStrategy: normal, platform: MAC, platformName: MAC, proxy: Proxy(), setWindowRect: true, strictFileInteractability: false, timeouts: {implicit: 0, pageLoad: 300000, script: 30000}, unhandledPromptBehavior: dismiss and notify, webauthn:virtualAuthenticators: true}
Session ID: 6adf4ee745e4e441f12d0f4801c1c3d7
*** Element info: {Using=name, value=email}
	at testCases.TestHomePage.setUp(TestHomePage.java:26)
</failure>
    <system-err><![CDATA[Starting ChromeDriver 86.0.4240.22 (398b0743353ff36fb1b82468f63a3a93b4e2e89e-refs/branch-heads/4240@{#378}) on port 14372
Only local connections are allowed.
Please see https://chromedriver.chromium.org/security-considerations for suggestions on keeping ChromeDriver safe.
ChromeDriver was started successfully.
[1606604318.034][WARNING]: This version of ChromeDriver has not been tested with Chrome version 87.
Nov 28, 2020 5:58:38 PM org.openqa.selenium.remote.ProtocolHandshake createSession
INFO: Detected dialect: W3C
]]></system-err>
  </testcase>
  <testcase name="setUp" classname="testCases.TestHomePage" time="0">
    <skipped/>
  </testcase>
  <testcase name="setUp" classname="testCases.TestHomePage" time="0">
    <skipped/>
  </testcase>
  <testcase name="setUp" classname="testCases.TestHomePage" time="0">
    <skipped/>
  </testcase>
  <testcase name="setUp" classname="testCases.TestHomePage" time="0">
    <skipped/>
  </testcase>
  <testcase name="testClickCalanderlabelOnHomePage" classname="testCases.TestHomePage" time="0">
    <skipped message="no such element: Unable to locate element: {&quot;method&quot;:&quot;css selector&quot;,&quot;selector&quot;:&quot;*[name=&apos;email&apos;]&quot;}&#10;  (Session info: chrome=87.0.4280.67)&#10;For documentation on this error, please visit: https://www.seleniumhq.org/exceptions/no_such_element.html&#10;Build info: version: &apos;3.141.59&apos;, revision: &apos;e82be7d358&apos;, time: &apos;2018-11-14T08:17:03&apos;&#10;System info: host: &apos;abcs-MBP&apos;, ip: &apos;fe80:0:0:0:876:28d0:5ce6:d02%en0&apos;, os.name: &apos;Mac OS X&apos;, os.arch: &apos;x86_64&apos;, os.version: &apos;10.16&apos;, java.version: &apos;14.0.1&apos;&#10;Driver info: org.openqa.selenium.chrome.ChromeDriver&#10;Capabilities {acceptInsecureCerts: false, browserName: chrome, browserVersion: 87.0.4280.67, chrome: {chromedriverVersion: 86.0.4240.22 (398b0743353ff..., userDataDir: /var/folders/5w/mkcmv9wd2n9...}, goog:chromeOptions: {debuggerAddress: localhost:54247}, javascriptEnabled: true, networkConnectionEnabled: false, pageLoadStrategy: normal, platform: MAC, platformName: MAC, proxy: Proxy(), setWindowRect: true, strictFileInteractability: false, timeouts: {implicit: 0, pageLoad: 300000, script: 30000}, unhandledPromptBehavior: dismiss and notify, webauthn:virtualAuthenticators: true}&#10;Session ID: 6adf4ee745e4e441f12d0f4801c1c3d7&#10;*** Element info: {Using=name, value=email}"/>
  </testcase>
  <testcase name="cleanUp" classname="testCases.TestHomePage" time="0">
    <skipped/>
  </testcase>
  <testcase name="cleanUp" classname="testCases.TestHomePage" time="0">
    <skipped/>
  </testcase>
  <testcase name="cleanUp" classname="testCases.TestHomePage" time="0">
    <skipped/>
  </testcase>
  <testcase name="cleanUp" classname="testCases.TestHomePage" time="0">
    <skipped/>
  </testcase>
  <testcase name="cleanUp" classname="testCases.TestHomePage" time="0">
    <skipped/>
  </testcase>
  <testcase name="testClickContactLabel" classname="testCases.TestHomePage" time="0">
    <skipped message="no such element: Unable to locate element: {&quot;method&quot;:&quot;css selector&quot;,&quot;selector&quot;:&quot;*[name=&apos;email&apos;]&quot;}&#10;  (Session info: chrome=87.0.4280.67)&#10;For documentation on this error, please visit: https://www.seleniumhq.org/exceptions/no_such_element.html&#10;Build info: version: &apos;3.141.59&apos;, revision: &apos;e82be7d358&apos;, time: &apos;2018-11-14T08:17:03&apos;&#10;System info: host: &apos;abcs-MBP&apos;, ip: &apos;fe80:0:0:0:876:28d0:5ce6:d02%en0&apos;, os.name: &apos;Mac OS X&apos;, os.arch: &apos;x86_64&apos;, os.version: &apos;10.16&apos;, java.version: &apos;14.0.1&apos;&#10;Driver info: org.openqa.selenium.chrome.ChromeDriver&#10;Capabilities {acceptInsecureCerts: false, browserName: chrome, browserVersion: 87.0.4280.67, chrome: {chromedriverVersion: 86.0.4240.22 (398b0743353ff..., userDataDir: /var/folders/5w/mkcmv9wd2n9...}, goog:chromeOptions: {debuggerAddress: localhost:54247}, javascriptEnabled: true, networkConnectionEnabled: false, pageLoadStrategy: normal, platform: MAC, platformName: MAC, proxy: Proxy(), setWindowRect: true, strictFileInteractability: false, timeouts: {implicit: 0, pageLoad: 300000, script: 30000}, unhandledPromptBehavior: dismiss and notify, webauthn:virtualAuthenticators: true}&#10;Session ID: 6adf4ee745e4e441f12d0f4801c1c3d7&#10;*** Element info: {Using=name, value=email}"/>
  </testcase>
  <testcase name="testClickDealslabelOnHomePage" classname="testCases.TestHomePage" time="0">
    <skipped message="no such element: Unable to locate element: {&quot;method&quot;:&quot;css selector&quot;,&quot;selector&quot;:&quot;*[name=&apos;email&apos;]&quot;}&#10;  (Session info: chrome=87.0.4280.67)&#10;For documentation on this error, please visit: https://www.seleniumhq.org/exceptions/no_such_element.html&#10;Build info: version: &apos;3.141.59&apos;, revision: &apos;e82be7d358&apos;, time: &apos;2018-11-14T08:17:03&apos;&#10;System info: host: &apos;abcs-MBP&apos;, ip: &apos;fe80:0:0:0:876:28d0:5ce6:d02%en0&apos;, os.name: &apos;Mac OS X&apos;, os.arch: &apos;x86_64&apos;, os.version: &apos;10.16&apos;, java.version: &apos;14.0.1&apos;&#10;Driver info: org.openqa.selenium.chrome.ChromeDriver&#10;Capabilities {acceptInsecureCerts: false, browserName: chrome, browserVersion: 87.0.4280.67, chrome: {chromedriverVersion: 86.0.4240.22 (398b0743353ff..., userDataDir: /var/folders/5w/mkcmv9wd2n9...}, goog:chromeOptions: {debuggerAddress: localhost:54247}, javascriptEnabled: true, networkConnectionEnabled: false, pageLoadStrategy: normal, platform: MAC, platformName: MAC, proxy: Proxy(), setWindowRect: true, strictFileInteractability: false, timeouts: {implicit: 0, pageLoad: 300000, script: 30000}, unhandledPromptBehavior: dismiss and notify, webauthn:virtualAuthenticators: true}&#10;Session ID: 6adf4ee745e4e441f12d0f4801c1c3d7&#10;*** Element info: {Using=name, value=email}"/>
  </testcase>
  <testcase name="testValidateUserNameonTheHomePage" classname="testCases.TestHomePage" time="0">
    <skipped message="no such element: Unable to locate element: {&quot;method&quot;:&quot;css selector&quot;,&quot;selector&quot;:&quot;*[name=&apos;email&apos;]&quot;}&#10;  (Session info: chrome=87.0.4280.67)&#10;For documentation on this error, please visit: https://www.seleniumhq.org/exceptions/no_such_element.html&#10;Build info: version: &apos;3.141.59&apos;, revision: &apos;e82be7d358&apos;, time: &apos;2018-11-14T08:17:03&apos;&#10;System info: host: &apos;abcs-MBP&apos;, ip: &apos;fe80:0:0:0:876:28d0:5ce6:d02%en0&apos;, os.name: &apos;Mac OS X&apos;, os.arch: &apos;x86_64&apos;, os.version: &apos;10.16&apos;, java.version: &apos;14.0.1&apos;&#10;Driver info: org.openqa.selenium.chrome.ChromeDriver&#10;Capabilities {acceptInsecureCerts: false, browserName: chrome, browserVersion: 87.0.4280.67, chrome: {chromedriverVersion: 86.0.4240.22 (398b0743353ff..., userDataDir: /var/folders/5w/mkcmv9wd2n9...}, goog:chromeOptions: {debuggerAddress: localhost:54247}, javascriptEnabled: true, networkConnectionEnabled: false, pageLoadStrategy: normal, platform: MAC, platformName: MAC, proxy: Proxy(), setWindowRect: true, strictFileInteractability: false, timeouts: {implicit: 0, pageLoad: 300000, script: 30000}, unhandledPromptBehavior: dismiss and notify, webauthn:virtualAuthenticators: true}&#10;Session ID: 6adf4ee745e4e441f12d0f4801c1c3d7&#10;*** Element info: {Using=name, value=email}"/>
  </testcase>
  <testcase name="testclicktheTaskLink" classname="testCases.TestHomePage" time="0">
    <skipped message="no such element: Unable to locate element: {&quot;method&quot;:&quot;css selector&quot;,&quot;selector&quot;:&quot;*[name=&apos;email&apos;]&quot;}&#10;  (Session info: chrome=87.0.4280.67)&#10;For documentation on this error, please visit: https://www.seleniumhq.org/exceptions/no_such_element.html&#10;Build info: version: &apos;3.141.59&apos;, revision: &apos;e82be7d358&apos;, time: &apos;2018-11-14T08:17:03&apos;&#10;System info: host: &apos;abcs-MBP&apos;, ip: &apos;fe80:0:0:0:876:28d0:5ce6:d02%en0&apos;, os.name: &apos;Mac OS X&apos;, os.arch: &apos;x86_64&apos;, os.version: &apos;10.16&apos;, java.version: &apos;14.0.1&apos;&#10;Driver info: org.openqa.selenium.chrome.ChromeDriver&#10;Capabilities {acceptInsecureCerts: false, browserName: chrome, browserVersion: 87.0.4280.67, chrome: {chromedriverVersion: 86.0.4240.22 (398b0743353ff..., userDataDir: /var/folders/5w/mkcmv9wd2n9...}, goog:chromeOptions: {debuggerAddress: localhost:54247}, javascriptEnabled: true, networkConnectionEnabled: false, pageLoadStrategy: normal, platform: MAC, platformName: MAC, proxy: Proxy(), setWindowRect: true, strictFileInteractability: false, timeouts: {implicit: 0, pageLoad: 300000, script: 30000}, unhandledPromptBehavior: dismiss and notify, webauthn:virtualAuthenticators: true}&#10;Session ID: 6adf4ee745e4e441f12d0f4801c1c3d7&#10;*** Element info: {Using=name, value=email}"/>
  </testcase>
  <testcase name="setUp" classname="testCases.TestContactsPages" time="1.725">
    <failure message="element not interactable: element has zero size&#10;  (Session info: chrome=87.0.4280.67)&#10;Build info: version: &apos;3.141.59&apos;, revision: &apos;e82be7d358&apos;, time: &apos;2018-11-14T08:17:03&apos;&#10;System info: host: &apos;abcs-MBP&apos;, ip: &apos;fe80:0:0:0:876:28d0:5ce6:d02%en0&apos;, os.name: &apos;Mac OS X&apos;, os.arch: &apos;x86_64&apos;, os.version: &apos;10.16&apos;, java.version: &apos;14.0.1&apos;&#10;Driver info: org.openqa.selenium.chrome.ChromeDriver&#10;Capabilities {acceptInsecureCerts: false, browserName: chrome, browserVersion: 87.0.4280.67, chrome: {chromedriverVersion: 86.0.4240.22 (398b0743353ff..., userDataDir: /var/folders/5w/mkcmv9wd2n9...}, goog:chromeOptions: {debuggerAddress: localhost:54311}, javascriptEnabled: true, networkConnectionEnabled: false, pageLoadStrategy: normal, platform: MAC, platformName: MAC, proxy: Proxy(), setWindowRect: true, strictFileInteractability: false, timeouts: {implicit: 0, pageLoad: 300000, script: 30000}, unhandledPromptBehavior: dismiss and notify, webauthn:virtualAuthenticators: true}&#10;Session ID: 5e31a38643248399addd79a66586ade8" type="org.openqa.selenium.ElementNotInteractableException">org.openqa.selenium.ElementNotInteractableException: 
element not interactable: element has zero size
  (Session info: chrome=87.0.4280.67)
Build info: version: '3.141.59', revision: 'e82be7d358', time: '2018-11-14T08:17:03'
System info: host: 'abcs-MBP', ip: 'fe80:0:0:0:876:28d0:5ce6:d02%en0', os.name: 'Mac OS X', os.arch: 'x86_64', os.version: '10.16', java.version: '14.0.1'
Driver info: org.openqa.selenium.chrome.ChromeDriver
Capabilities {acceptInsecureCerts: false, browserName: chrome, browserVersion: 87.0.4280.67, chrome: {chromedriverVersion: 86.0.4240.22 (398b0743353ff..., userDataDir: /var/folders/5w/mkcmv9wd2n9...}, goog:chromeOptions: {debuggerAddress: localhost:54311}, javascriptEnabled: true, networkConnectionEnabled: false, pageLoadStrategy: normal, platform: MAC, platformName: MAC, proxy: Proxy(), setWindowRect: true, strictFileInteractability: false, timeouts: {implicit: 0, pageLoad: 300000, script: 30000}, unhandledPromptBehavior: dismiss and notify, webauthn:virtualAuthenticators: true}
Session ID: 5e31a38643248399addd79a66586ade8
	at testCases.TestContactsPages.setUp(TestContactsPages.java:23)
</failure>
    <system-err><![CDATA[Starting ChromeDriver 86.0.4240.22 (398b0743353ff36fb1b82468f63a3a93b4e2e89e-refs/branch-heads/4240@{#378}) on port 12964
Only local connections are allowed.
Please see https://chromedriver.chromium.org/security-considerations for suggestions on keeping ChromeDriver safe.
ChromeDriver was started successfully.
[1606604339.836][WARNING]: This version of ChromeDriver has not been tested with Chrome version 87.
Nov 28, 2020 5:58:59 PM org.openqa.selenium.remote.ProtocolHandshake createSession
INFO: Detected dialect: W3C
]]></system-err>
  </testcase>
  <testcase name="setUp" classname="testCases.TestContactsPages" time="0">
    <skipped/>
  </testcase>
  <testcase name="setUp" classname="testCases.TestContactsPages" time="0">
    <skipped/>
  </testcase>
  <testcase name="testClickNewTab" classname="testCases.TestContactsPages" time="0">
    <skipped message="element not interactable: element has zero size&#10;  (Session info: chrome=87.0.4280.67)&#10;Build info: version: &apos;3.141.59&apos;, revision: &apos;e82be7d358&apos;, time: &apos;2018-11-14T08:17:03&apos;&#10;System info: host: &apos;abcs-MBP&apos;, ip: &apos;fe80:0:0:0:876:28d0:5ce6:d02%en0&apos;, os.name: &apos;Mac OS X&apos;, os.arch: &apos;x86_64&apos;, os.version: &apos;10.16&apos;, java.version: &apos;14.0.1&apos;&#10;Driver info: org.openqa.selenium.chrome.ChromeDriver&#10;Capabilities {acceptInsecureCerts: false, browserName: chrome, browserVersion: 87.0.4280.67, chrome: {chromedriverVersion: 86.0.4240.22 (398b0743353ff..., userDataDir: /var/folders/5w/mkcmv9wd2n9...}, goog:chromeOptions: {debuggerAddress: localhost:54311}, javascriptEnabled: true, networkConnectionEnabled: false, pageLoadStrategy: normal, platform: MAC, platformName: MAC, proxy: Proxy(), setWindowRect: true, strictFileInteractability: false, timeouts: {implicit: 0, pageLoad: 300000, script: 30000}, unhandledPromptBehavior: dismiss and notify, webauthn:virtualAuthenticators: true}&#10;Session ID: 5e31a38643248399addd79a66586ade8"/>
  </testcase>
  <testcase name="cleanUp" classname="testCases.TestContactsPages" time="0">
    <skipped/>
  </testcase>
  <testcase name="cleanUp" classname="testCases.TestContactsPages" time="0">
    <skipped/>
  </testcase>
  <testcase name="cleanUp" classname="testCases.TestContactsPages" time="0">
    <skipped/>
  </testcase>
  <testcase name="testValidateContactTab" classname="testCases.TestContactsPages" time="0">
    <skipped message="element not interactable: element has zero size&#10;  (Session info: chrome=87.0.4280.67)&#10;Build info: version: &apos;3.141.59&apos;, revision: &apos;e82be7d358&apos;, time: &apos;2018-11-14T08:17:03&apos;&#10;System info: host: &apos;abcs-MBP&apos;, ip: &apos;fe80:0:0:0:876:28d0:5ce6:d02%en0&apos;, os.name: &apos;Mac OS X&apos;, os.arch: &apos;x86_64&apos;, os.version: &apos;10.16&apos;, java.version: &apos;14.0.1&apos;&#10;Driver info: org.openqa.selenium.chrome.ChromeDriver&#10;Capabilities {acceptInsecureCerts: false, browserName: chrome, browserVersion: 87.0.4280.67, chrome: {chromedriverVersion: 86.0.4240.22 (398b0743353ff..., userDataDir: /var/folders/5w/mkcmv9wd2n9...}, goog:chromeOptions: {debuggerAddress: localhost:54311}, javascriptEnabled: true, networkConnectionEnabled: false, pageLoadStrategy: normal, platform: MAC, platformName: MAC, proxy: Proxy(), setWindowRect: true, strictFileInteractability: false, timeouts: {implicit: 0, pageLoad: 300000, script: 30000}, unhandledPromptBehavior: dismiss and notify, webauthn:virtualAuthenticators: true}&#10;Session ID: 5e31a38643248399addd79a66586ade8"/>
  </testcase>
  <testcase name="testValidateContactTabToo" classname="testCases.TestContactsPages" time="0">
    <skipped message="element not interactable: element has zero size&#10;  (Session info: chrome=87.0.4280.67)&#10;Build info: version: &apos;3.141.59&apos;, revision: &apos;e82be7d358&apos;, time: &apos;2018-11-14T08:17:03&apos;&#10;System info: host: &apos;abcs-MBP&apos;, ip: &apos;fe80:0:0:0:876:28d0:5ce6:d02%en0&apos;, os.name: &apos;Mac OS X&apos;, os.arch: &apos;x86_64&apos;, os.version: &apos;10.16&apos;, java.version: &apos;14.0.1&apos;&#10;Driver info: org.openqa.selenium.chrome.ChromeDriver&#10;Capabilities {acceptInsecureCerts: false, browserName: chrome, browserVersion: 87.0.4280.67, chrome: {chromedriverVersion: 86.0.4240.22 (398b0743353ff..., userDataDir: /var/folders/5w/mkcmv9wd2n9...}, goog:chromeOptions: {debuggerAddress: localhost:54311}, javascriptEnabled: true, networkConnectionEnabled: false, pageLoadStrategy: normal, platform: MAC, platformName: MAC, proxy: Proxy(), setWindowRect: true, strictFileInteractability: false, timeouts: {implicit: 0, pageLoad: 300000, script: 30000}, unhandledPromptBehavior: dismiss and notify, webauthn:virtualAuthenticators: true}&#10;Session ID: 5e31a38643248399addd79a66586ade8"/>
  </testcase>
  <testcase name="validateCreate1stNewContact" classname="testCases.TestCreateNewContact" time="0.724"/>
  <testcase name="setUp" classname="testCases.TestCreateNewContact" time="2.29">
    <failure message="element not interactable: element has zero size&#10;  (Session info: chrome=87.0.4280.67)&#10;Build info: version: &apos;3.141.59&apos;, revision: &apos;e82be7d358&apos;, time: &apos;2018-11-14T08:17:03&apos;&#10;System info: host: &apos;abcs-MBP&apos;, ip: &apos;fe80:0:0:0:876:28d0:5ce6:d02%en0&apos;, os.name: &apos;Mac OS X&apos;, os.arch: &apos;x86_64&apos;, os.version: &apos;10.16&apos;, java.version: &apos;14.0.1&apos;&#10;Driver info: org.openqa.selenium.chrome.ChromeDriver&#10;Capabilities {acceptInsecureCerts: false, browserName: chrome, browserVersion: 87.0.4280.67, chrome: {chromedriverVersion: 86.0.4240.22 (398b0743353ff..., userDataDir: /var/folders/5w/mkcmv9wd2n9...}, goog:chromeOptions: {debuggerAddress: localhost:54418}, javascriptEnabled: true, networkConnectionEnabled: false, pageLoadStrategy: normal, platform: MAC, platformName: MAC, proxy: Proxy(), setWindowRect: true, strictFileInteractability: false, timeouts: {implicit: 0, pageLoad: 300000, script: 30000}, unhandledPromptBehavior: dismiss and notify, webauthn:virtualAuthenticators: true}&#10;Session ID: 0aba949513573e55c368204cc9c6475f" type="org.openqa.selenium.ElementNotInteractableException">org.openqa.selenium.ElementNotInteractableException: 
element not interactable: element has zero size
  (Session info: chrome=87.0.4280.67)
Build info: version: '3.141.59', revision: 'e82be7d358', time: '2018-11-14T08:17:03'
System info: host: 'abcs-MBP', ip: 'fe80:0:0:0:876:28d0:5ce6:d02%en0', os.name: 'Mac OS X', os.arch: 'x86_64', os.version: '10.16', java.version: '14.0.1'
Driver info: org.openqa.selenium.chrome.ChromeDriver
Capabilities {acceptInsecureCerts: false, browserName: chrome, browserVersion: 87.0.4280.67, chrome: {chromedriverVersion: 86.0.4240.22 (398b0743353ff..., userDataDir: /var/folders/5w/mkcmv9wd2n9...}, goog:chromeOptions: {debuggerAddress: localhost:54418}, javascriptEnabled: true, networkConnectionEnabled: false, pageLoadStrategy: normal, platform: MAC, platformName: MAC, proxy: Proxy(), setWindowRect: true, strictFileInteractability: false, timeouts: {implicit: 0, pageLoad: 300000, script: 30000}, unhandledPromptBehavior: dismiss and notify, webauthn:virtualAuthenticators: true}
Session ID: 0aba949513573e55c368204cc9c6475f
	at testCases.TestCreateNewContact.setUp(TestCreateNewContact.java:24)
</failure>
    <system-err><![CDATA[Starting ChromeDriver 86.0.4240.22 (398b0743353ff36fb1b82468f63a3a93b4e2e89e-refs/branch-heads/4240@{#378}) on port 4516
Only local connections are allowed.
Please see https://chromedriver.chromium.org/security-considerations for suggestions on keeping ChromeDriver safe.
ChromeDriver was started successfully.
[1606604346.416][WARNING]: This version of ChromeDriver has not been tested with Chrome version 87.
Nov 28, 2020 5:59:06 PM org.openqa.selenium.remote.ProtocolHandshake createSession
INFO: Detected dialect: W3C
]]></system-err>
  </testcase>
  <testcase name="setUp" classname="testCases.TestCreateNewContact" time="0">
    <skipped/>
  </testcase>
  <testcase name="setUp" classname="testCases.TestCreateNewContact" time="0">
    <skipped/>
  </testcase>
  <testcase name="setUp" classname="testCases.TestCreateNewContact" time="0">
    <skipped/>
  </testcase>
  <testcase name="validateCreateNew2ndContact" classname="testCases.TestCreateNewContact" time="0">
    <skipped message="element not interactable: element has zero size&#10;  (Session info: chrome=87.0.4280.67)&#10;Build info: version: &apos;3.141.59&apos;, revision: &apos;e82be7d358&apos;, time: &apos;2018-11-14T08:17:03&apos;&#10;System info: host: &apos;abcs-MBP&apos;, ip: &apos;fe80:0:0:0:876:28d0:5ce6:d02%en0&apos;, os.name: &apos;Mac OS X&apos;, os.arch: &apos;x86_64&apos;, os.version: &apos;10.16&apos;, java.version: &apos;14.0.1&apos;&#10;Driver info: org.openqa.selenium.chrome.ChromeDriver&#10;Capabilities {acceptInsecureCerts: false, browserName: chrome, browserVersion: 87.0.4280.67, chrome: {chromedriverVersion: 86.0.4240.22 (398b0743353ff..., userDataDir: /var/folders/5w/mkcmv9wd2n9...}, goog:chromeOptions: {debuggerAddress: localhost:54418}, javascriptEnabled: true, networkConnectionEnabled: false, pageLoadStrategy: normal, platform: MAC, platformName: MAC, proxy: Proxy(), setWindowRect: true, strictFileInteractability: false, timeouts: {implicit: 0, pageLoad: 300000, script: 30000}, unhandledPromptBehavior: dismiss and notify, webauthn:virtualAuthenticators: true}&#10;Session ID: 0aba949513573e55c368204cc9c6475f"/>
  </testcase>
  <testcase name="cleanUp" classname="testCases.TestCreateNewContact" time="0">
    <skipped/>
  </testcase>
  <testcase name="cleanUp" classname="testCases.TestCreateNewContact" time="0">
    <skipped/>
  </testcase>
  <testcase name="cleanUp" classname="testCases.TestCreateNewContact" time="0">
    <skipped/>
  </testcase>
  <testcase name="cleanUp" classname="testCases.TestCreateNewContact" time="0">
    <skipped/>
  </testcase>
  <testcase name="validateCreateNew3rdContact" classname="testCases.TestCreateNewContact" time="0">
    <skipped message="element not interactable: element has zero size&#10;  (Session info: chrome=87.0.4280.67)&#10;Build info: version: &apos;3.141.59&apos;, revision: &apos;e82be7d358&apos;, time: &apos;2018-11-14T08:17:03&apos;&#10;System info: host: &apos;abcs-MBP&apos;, ip: &apos;fe80:0:0:0:876:28d0:5ce6:d02%en0&apos;, os.name: &apos;Mac OS X&apos;, os.arch: &apos;x86_64&apos;, os.version: &apos;10.16&apos;, java.version: &apos;14.0.1&apos;&#10;Driver info: org.openqa.selenium.chrome.ChromeDriver&#10;Capabilities {acceptInsecureCerts: false, browserName: chrome, browserVersion: 87.0.4280.67, chrome: {chromedriverVersion: 86.0.4240.22 (398b0743353ff..., userDataDir: /var/folders/5w/mkcmv9wd2n9...}, goog:chromeOptions: {debuggerAddress: localhost:54418}, javascriptEnabled: true, networkConnectionEnabled: false, pageLoadStrategy: normal, platform: MAC, platformName: MAC, proxy: Proxy(), setWindowRect: true, strictFileInteractability: false, timeouts: {implicit: 0, pageLoad: 300000, script: 30000}, unhandledPromptBehavior: dismiss and notify, webauthn:virtualAuthenticators: true}&#10;Session ID: 0aba949513573e55c368204cc9c6475f"/>
  </testcase>
  <testcase name="validateCreateNew4thContact" classname="testCases.TestCreateNewContact" time="0">
    <skipped message="element not interactable: element has zero size&#10;  (Session info: chrome=87.0.4280.67)&#10;Build info: version: &apos;3.141.59&apos;, revision: &apos;e82be7d358&apos;, time: &apos;2018-11-14T08:17:03&apos;&#10;System info: host: &apos;abcs-MBP&apos;, ip: &apos;fe80:0:0:0:876:28d0:5ce6:d02%en0&apos;, os.name: &apos;Mac OS X&apos;, os.arch: &apos;x86_64&apos;, os.version: &apos;10.16&apos;, java.version: &apos;14.0.1&apos;&#10;Driver info: org.openqa.selenium.chrome.ChromeDriver&#10;Capabilities {acceptInsecureCerts: false, browserName: chrome, browserVersion: 87.0.4280.67, chrome: {chromedriverVersion: 86.0.4240.22 (398b0743353ff..., userDataDir: /var/folders/5w/mkcmv9wd2n9...}, goog:chromeOptions: {debuggerAddress: localhost:54418}, javascriptEnabled: true, networkConnectionEnabled: false, pageLoadStrategy: normal, platform: MAC, platformName: MAC, proxy: Proxy(), setWindowRect: true, strictFileInteractability: false, timeouts: {implicit: 0, pageLoad: 300000, script: 30000}, unhandledPromptBehavior: dismiss and notify, webauthn:virtualAuthenticators: true}&#10;Session ID: 0aba949513573e55c368204cc9c6475f"/>
  </testcase>
  <testcase name="validateCreateNew5thContact" classname="testCases.TestCreateNewContact" time="0">
    <skipped message="element not interactable: element has zero size&#10;  (Session info: chrome=87.0.4280.67)&#10;Build info: version: &apos;3.141.59&apos;, revision: &apos;e82be7d358&apos;, time: &apos;2018-11-14T08:17:03&apos;&#10;System info: host: &apos;abcs-MBP&apos;, ip: &apos;fe80:0:0:0:876:28d0:5ce6:d02%en0&apos;, os.name: &apos;Mac OS X&apos;, os.arch: &apos;x86_64&apos;, os.version: &apos;10.16&apos;, java.version: &apos;14.0.1&apos;&#10;Driver info: org.openqa.selenium.chrome.ChromeDriver&#10;Capabilities {acceptInsecureCerts: false, browserName: chrome, browserVersion: 87.0.4280.67, chrome: {chromedriverVersion: 86.0.4240.22 (398b0743353ff..., userDataDir: /var/folders/5w/mkcmv9wd2n9...}, goog:chromeOptions: {debuggerAddress: localhost:54418}, javascriptEnabled: true, networkConnectionEnabled: false, pageLoadStrategy: normal, platform: MAC, platformName: MAC, proxy: Proxy(), setWindowRect: true, strictFileInteractability: false, timeouts: {implicit: 0, pageLoad: 300000, script: 30000}, unhandledPromptBehavior: dismiss and notify, webauthn:virtualAuthenticators: true}&#10;Session ID: 0aba949513573e55c368204cc9c6475f"/>
  </testcase>
</testsuite>