<?xml version="1.0" encoding="UTF-8"?>
<testng-results ignored="0" total="34" passed="34" failed="0" skipped="0">
  <reporter-output>
  </reporter-output>
  <suite started-at="2020-11-28T18:40:26 EST" name="Surefire suite" finished-at="2020-11-28T18:42:14 EST" duration-ms="107624">
    <groups>
    </groups>
    <test started-at="2020-11-28T18:40:26 EST" name="Surefire test" finished-at="2020-11-28T18:42:14 EST" duration-ms="107624">
      <class name="testCases.TestIndexPage">
        <test-method is-config="true" signature="setUp()[pri:0, instance:testCases.TestIndexPage@2df32bf7]" started-at="2020-11-28T18:41:01 EST" name="setUp" finished-at="2020-11-28T18:41:02 EST" duration-ms="1577" status="PASS">
          <reporter-output>
          </reporter-output>
        </test-method> <!-- setUp -->
        <test-method signature="testSignIn()[pri:0, instance:testCases.TestIndexPage@2df32bf7]" started-at="2020-11-28T18:41:02 EST" name="testSignIn" finished-at="2020-11-28T18:41:03 EST" duration-ms="526" status="PASS">
          <reporter-output>
          </reporter-output>
        </test-method> <!-- testSignIn -->
        <test-method is-config="true" signature="cleanUp()[pri:0, instance:testCases.TestIndexPage@2df32bf7]" started-at="2020-11-28T18:41:03 EST" name="cleanUp" finished-at="2020-11-28T18:41:03 EST" duration-ms="150" status="PASS">
          <reporter-output>
          </reporter-output>
        </test-method> <!-- cleanUp -->
        <test-method is-config="true" signature="setUp()[pri:0, instance:testCases.TestIndexPage@2df32bf7]" started-at="2020-11-28T18:41:03 EST" name="setUp" finished-at="2020-11-28T18:41:05 EST" duration-ms="1726" status="PASS">
          <reporter-output>
          </reporter-output>
        </test-method> <!-- setUp -->
        <test-method signature="testValidateCompanyLogo()[pri:0, instance:testCases.TestIndexPage@2df32bf7]" started-at="2020-11-28T18:41:05 EST" name="testValidateCompanyLogo" finished-at="2020-11-28T18:41:05 EST" duration-ms="46" status="PASS">
          <reporter-output>
          </reporter-output>
        </test-method> <!-- testValidateCompanyLogo -->
        <test-method is-config="true" signature="cleanUp()[pri:0, instance:testCases.TestIndexPage@2df32bf7]" started-at="2020-11-28T18:41:05 EST" name="cleanUp" finished-at="2020-11-28T18:41:05 EST" duration-ms="145" status="PASS">
          <reporter-output>
          </reporter-output>
        </test-method> <!-- cleanUp -->
        <test-method is-config="true" signature="setUp()[pri:0, instance:testCases.TestIndexPage@2df32bf7]" started-at="2020-11-28T18:41:05 EST" name="setUp" finished-at="2020-11-28T18:41:07 EST" duration-ms="1702" status="PASS">
          <reporter-output>
          </reporter-output>
        </test-method> <!-- setUp -->
        <test-method signature="testValidateUrl()[pri:0, instance:testCases.TestIndexPage@2df32bf7]" started-at="2020-11-28T18:41:07 EST" name="testValidateUrl" finished-at="2020-11-28T18:41:07 EST" duration-ms="336" status="PASS">
          <reporter-output>
          </reporter-output>
        </test-method> <!-- testValidateUrl -->
        <test-method is-config="true" signature="cleanUp()[pri:0, instance:testCases.TestIndexPage@2df32bf7]" started-at="2020-11-28T18:41:07 EST" name="cleanUp" finished-at="2020-11-28T18:41:07 EST" duration-ms="98" status="PASS">
          <reporter-output>
          </reporter-output>
        </test-method> <!-- cleanUp -->
      </class> <!-- testCases.TestIndexPage -->
      <class name="testCases.TestCreateNewAccountPage">
        <test-method is-config="true" signature="setUp()[pri:0, instance:testCases.TestCreateNewAccountPage@f4168b8]" started-at="2020-11-28T18:42:08 EST" name="setUp" finished-at="2020-11-28T18:42:10 EST" duration-ms="2011" status="PASS">
          <reporter-output>
          </reporter-output>
        </test-method> <!-- setUp -->
        <test-method signature="createNewAccount()[pri:0, instance:testCases.TestCreateNewAccountPage@f4168b8]" started-at="2020-11-28T18:42:10 EST" name="createNewAccount" finished-at="2020-11-28T18:42:11 EST" duration-ms="1313" status="PASS">
          <reporter-output>
          </reporter-output>
        </test-method> <!-- createNewAccount -->
        <test-method is-config="true" signature="tearDown()[pri:0, instance:testCases.TestCreateNewAccountPage@f4168b8]" started-at="2020-11-28T18:42:11 EST" name="tearDown" finished-at="2020-11-28T18:42:11 EST" duration-ms="0" status="PASS">
          <reporter-output>
          </reporter-output>
        </test-method> <!-- tearDown -->
        <test-method is-config="true" signature="setUp()[pri:0, instance:testCases.TestCreateNewAccountPage@f4168b8]" started-at="2020-11-28T18:42:11 EST" name="setUp" finished-at="2020-11-28T18:42:13 EST" duration-ms="1921" status="PASS">
          <reporter-output>
          </reporter-output>
        </test-method> <!-- setUp -->
        <test-method signature="createNewAccountTwoParameters()[pri:0, instance:testCases.TestCreateNewAccountPage@f4168b8]" started-at="2020-11-28T18:42:13 EST" name="createNewAccountTwoParameters" finished-at="2020-11-28T18:42:14 EST" duration-ms="825" status="PASS">
          <reporter-output>
          </reporter-output>
        </test-method> <!-- createNewAccountTwoParameters -->
        <test-method is-config="true" signature="tearDown()[pri:0, instance:testCases.TestCreateNewAccountPage@f4168b8]" started-at="2020-11-28T18:42:14 EST" name="tearDown" finished-at="2020-11-28T18:42:14 EST" duration-ms="0" status="PASS">
          <reporter-output>
          </reporter-output>
        </test-method> <!-- tearDown -->
      </class> <!-- testCases.TestCreateNewAccountPage -->
      <class name="testCases.TestSearchPageWithDataProvider">
        <test-method is-config="true" signature="setUp()[pri:0, instance:testCases.TestSearchPageWithDataProvider@2a40cd94]" started-at="2020-11-28T18:41:25 EST" name="setUp" finished-at="2020-11-28T18:41:27 EST" duration-ms="1805" status="PASS">
          <reporter-output>
          </reporter-output>
        </test-method> <!-- setUp -->
        <test-method signature="testSearch1stItem(java.lang.String)[pri:0, instance:testCases.TestSearchPageWithDataProvider@2a40cd94]" started-at="2020-11-28T18:41:27 EST" name="testSearch1stItem" data-provider="search" finished-at="2020-11-28T18:41:29 EST" duration-ms="1303" status="PASS">
          <params>
            <param index="0">
              <value>
                <![CDATA[iphone]]>
              </value>
            </param>
          </params>
          <reporter-output>
          </reporter-output>
        </test-method> <!-- testSearch1stItem -->
        <test-method is-config="true" signature="cleanUp()[pri:0, instance:testCases.TestSearchPageWithDataProvider@2a40cd94]" started-at="2020-11-28T18:41:29 EST" name="cleanUp" finished-at="2020-11-28T18:41:29 EST" duration-ms="154" status="PASS">
          <reporter-output>
          </reporter-output>
        </test-method> <!-- cleanUp -->
        <test-method is-config="true" signature="setUp()[pri:0, instance:testCases.TestSearchPageWithDataProvider@2a40cd94]" started-at="2020-11-28T18:41:29 EST" name="setUp" finished-at="2020-11-28T18:41:31 EST" duration-ms="1916" status="PASS">
          <reporter-output>
          </reporter-output>
        </test-method> <!-- setUp -->
        <test-method signature="testSearch1stItem(java.lang.String)[pri:0, instance:testCases.TestSearchPageWithDataProvider@2a40cd94]" started-at="2020-11-28T18:41:31 EST" name="testSearch1stItem" data-provider="search" finished-at="2020-11-28T18:41:32 EST" duration-ms="1323" status="PASS">
          <params>
            <param index="0">
              <value>
                <![CDATA[Table Lamp]]>
              </value>
            </param>
          </params>
          <reporter-output>
          </reporter-output>
        </test-method> <!-- testSearch1stItem -->
        <test-method is-config="true" signature="cleanUp()[pri:0, instance:testCases.TestSearchPageWithDataProvider@2a40cd94]" started-at="2020-11-28T18:41:32 EST" name="cleanUp" finished-at="2020-11-28T18:41:32 EST" duration-ms="161" status="PASS">
          <reporter-output>
          </reporter-output>
        </test-method> <!-- cleanUp -->
        <test-method is-config="true" signature="setUp()[pri:0, instance:testCases.TestSearchPageWithDataProvider@2a40cd94]" started-at="2020-11-28T18:41:32 EST" name="setUp" finished-at="2020-11-28T18:41:34 EST" duration-ms="1636" status="PASS">
          <reporter-output>
          </reporter-output>
        </test-method> <!-- setUp -->
        <test-method signature="testSearch1stItem(java.lang.String)[pri:0, instance:testCases.TestSearchPageWithDataProvider@2a40cd94]" started-at="2020-11-28T18:41:34 EST" name="testSearch1stItem" data-provider="search" finished-at="2020-11-28T18:41:35 EST" duration-ms="1513" status="PASS">
          <params>
            <param index="0">
              <value>
                <![CDATA[Cooling Fan]]>
              </value>
            </param>
          </params>
          <reporter-output>
          </reporter-output>
        </test-method> <!-- testSearch1stItem -->
        <test-method is-config="true" signature="cleanUp()[pri:0, instance:testCases.TestSearchPageWithDataProvider@2a40cd94]" started-at="2020-11-28T18:41:35 EST" name="cleanUp" finished-at="2020-11-28T18:41:35 EST" duration-ms="101" status="PASS">
          <reporter-output>
          </reporter-output>
        </test-method> <!-- cleanUp -->
        <test-method is-config="true" signature="setUp()[pri:0, instance:testCases.TestSearchPageWithDataProvider@2a40cd94]" started-at="2020-11-28T18:41:35 EST" name="setUp" finished-at="2020-11-28T18:41:37 EST" duration-ms="1581" status="PASS">
          <reporter-output>
          </reporter-output>
        </test-method> <!-- setUp -->
        <test-method signature="testSearch1stItem(java.lang.String)[pri:0, instance:testCases.TestSearchPageWithDataProvider@2a40cd94]" started-at="2020-11-28T18:41:37 EST" name="testSearch1stItem" data-provider="search" finished-at="2020-11-28T18:41:38 EST" duration-ms="1131" status="PASS">
          <params>
            <param index="0">
              <value>
                <![CDATA[hp computer]]>
              </value>
            </param>
          </params>
          <reporter-output>
          </reporter-output>
        </test-method> <!-- testSearch1stItem -->
        <test-method is-config="true" signature="cleanUp()[pri:0, instance:testCases.TestSearchPageWithDataProvider@2a40cd94]" started-at="2020-11-28T18:41:38 EST" name="cleanUp" finished-at="2020-11-28T18:41:38 EST" duration-ms="103" status="PASS">
          <reporter-output>
          </reporter-output>
        </test-method> <!-- cleanUp -->
        <test-method is-config="true" signature="setUp()[pri:0, instance:testCases.TestSearchPageWithDataProvider@2a40cd94]" started-at="2020-11-28T18:41:38 EST" name="setUp" finished-at="2020-11-28T18:41:40 EST" duration-ms="1658" status="PASS">
          <reporter-output>
          </reporter-output>
        </test-method> <!-- setUp -->
        <test-method signature="testSearch1stItem(java.lang.String)[pri:0, instance:testCases.TestSearchPageWithDataProvider@2a40cd94]" started-at="2020-11-28T18:41:40 EST" name="testSearch1stItem" data-provider="search" finished-at="2020-11-28T18:41:41 EST" duration-ms="1425" status="PASS">
          <params>
            <param index="0">
              <value>
                <![CDATA[Office Chair]]>
              </value>
            </param>
          </params>
          <reporter-output>
          </reporter-output>
        </test-method> <!-- testSearch1stItem -->
        <test-method is-config="true" signature="cleanUp()[pri:0, instance:testCases.TestSearchPageWithDataProvider@2a40cd94]" started-at="2020-11-28T18:41:41 EST" name="cleanUp" finished-at="2020-11-28T18:41:41 EST" duration-ms="135" status="PASS">
          <reporter-output>
          </reporter-output>
        </test-method> <!-- cleanUp -->
        <test-method is-config="true" signature="setUp()[pri:0, instance:testCases.TestSearchPageWithDataProvider@2a40cd94]" started-at="2020-11-28T18:41:41 EST" name="setUp" finished-at="2020-11-28T18:41:43 EST" duration-ms="1494" status="PASS">
          <reporter-output>
          </reporter-output>
        </test-method> <!-- setUp -->
        <test-method signature="testSearch1stItem(java.lang.String)[pri:0, instance:testCases.TestSearchPageWithDataProvider@2a40cd94]" started-at="2020-11-28T18:41:43 EST" name="testSearch1stItem" data-provider="search" finished-at="2020-11-28T18:41:44 EST" duration-ms="1402" status="PASS">
          <params>
            <param index="0">
              <value>
                <![CDATA[Bed sheets]]>
              </value>
            </param>
          </params>
          <reporter-output>
          </reporter-output>
        </test-method> <!-- testSearch1stItem -->
        <test-method is-config="true" signature="cleanUp()[pri:0, instance:testCases.TestSearchPageWithDataProvider@2a40cd94]" started-at="2020-11-28T18:41:44 EST" name="cleanUp" finished-at="2020-11-28T18:41:44 EST" duration-ms="104" status="PASS">
          <reporter-output>
          </reporter-output>
        </test-method> <!-- cleanUp -->
        <test-method is-config="true" signature="setUp()[pri:0, instance:testCases.TestSearchPageWithDataProvider@2a40cd94]" started-at="2020-11-28T18:41:44 EST" name="setUp" finished-at="2020-11-28T18:41:46 EST" duration-ms="1579" status="PASS">
          <reporter-output>
          </reporter-output>
        </test-method> <!-- setUp -->
        <test-method signature="testSearch2ndItem(java.lang.String)[pri:0, instance:testCases.TestSearchPageWithDataProvider@2a40cd94]" started-at="2020-11-28T18:41:46 EST" name="testSearch2ndItem" data-provider="AmazonOffice" finished-at="2020-11-28T18:41:47 EST" duration-ms="1078" status="PASS">
          <params>
            <param index="0">
              <value>
                <![CDATA[Office chair]]>
              </value>
            </param>
          </params>
          <reporter-output>
          </reporter-output>
        </test-method> <!-- testSearch2ndItem -->
        <test-method is-config="true" signature="cleanUp()[pri:0, instance:testCases.TestSearchPageWithDataProvider@2a40cd94]" started-at="2020-11-28T18:41:47 EST" name="cleanUp" finished-at="2020-11-28T18:41:47 EST" duration-ms="154" status="PASS">
          <reporter-output>
          </reporter-output>
        </test-method> <!-- cleanUp -->
        <test-method is-config="true" signature="setUp()[pri:0, instance:testCases.TestSearchPageWithDataProvider@2a40cd94]" started-at="2020-11-28T18:41:47 EST" name="setUp" finished-at="2020-11-28T18:41:49 EST" duration-ms="1740" status="PASS">
          <reporter-output>
          </reporter-output>
        </test-method> <!-- setUp -->
        <test-method signature="testSearch2ndItem(java.lang.String)[pri:0, instance:testCases.TestSearchPageWithDataProvider@2a40cd94]" started-at="2020-11-28T18:41:49 EST" name="testSearch2ndItem" data-provider="AmazonOffice" finished-at="2020-11-28T18:41:50 EST" duration-ms="980" status="PASS">
          <params>
            <param index="0">
              <value>
                <![CDATA[office desk]]>
              </value>
            </param>
          </params>
          <reporter-output>
          </reporter-output>
        </test-method> <!-- testSearch2ndItem -->
        <test-method is-config="true" signature="cleanUp()[pri:0, instance:testCases.TestSearchPageWithDataProvider@2a40cd94]" started-at="2020-11-28T18:41:50 EST" name="cleanUp" finished-at="2020-11-28T18:41:50 EST" duration-ms="101" status="PASS">
          <reporter-output>
          </reporter-output>
        </test-method> <!-- cleanUp -->
        <test-method is-config="true" signature="setUp()[pri:0, instance:testCases.TestSearchPageWithDataProvider@2a40cd94]" started-at="2020-11-28T18:41:50 EST" name="setUp" finished-at="2020-11-28T18:41:52 EST" duration-ms="1545" status="PASS">
          <reporter-output>
          </reporter-output>
        </test-method> <!-- setUp -->
        <test-method signature="testSearch2ndItem(java.lang.String)[pri:0, instance:testCases.TestSearchPageWithDataProvider@2a40cd94]" started-at="2020-11-28T18:41:52 EST" name="testSearch2ndItem" data-provider="AmazonOffice" finished-at="2020-11-28T18:41:53 EST" duration-ms="1375" status="PASS">
          <params>
            <param index="0">
              <value>
                <![CDATA[office trash can]]>
              </value>
            </param>
          </params>
          <reporter-output>
          </reporter-output>
        </test-method> <!-- testSearch2ndItem -->
        <test-method is-config="true" signature="cleanUp()[pri:0, instance:testCases.TestSearchPageWithDataProvider@2a40cd94]" started-at="2020-11-28T18:41:53 EST" name="cleanUp" finished-at="2020-11-28T18:41:53 EST" duration-ms="102" status="PASS">
          <reporter-output>
          </reporter-output>
        </test-method> <!-- cleanUp -->
        <test-method is-config="true" signature="setUp()[pri:0, instance:testCases.TestSearchPageWithDataProvider@2a40cd94]" started-at="2020-11-28T18:41:53 EST" name="setUp" finished-at="2020-11-28T18:41:55 EST" duration-ms="2232" status="PASS">
          <reporter-output>
          </reporter-output>
        </test-method> <!-- setUp -->
        <test-method signature="testSearch2ndItem(java.lang.String)[pri:0, instance:testCases.TestSearchPageWithDataProvider@2a40cd94]" started-at="2020-11-28T18:41:55 EST" name="testSearch2ndItem" data-provider="AmazonOffice" finished-at="2020-11-28T18:41:57 EST" duration-ms="1654" status="PASS">
          <params>
            <param index="0">
              <value>
                <![CDATA[office cushion]]>
              </value>
            </param>
          </params>
          <reporter-output>
          </reporter-output>
        </test-method> <!-- testSearch2ndItem -->
        <test-method is-config="true" signature="cleanUp()[pri:0, instance:testCases.TestSearchPageWithDataProvider@2a40cd94]" started-at="2020-11-28T18:41:57 EST" name="cleanUp" finished-at="2020-11-28T18:41:57 EST" duration-ms="121" status="PASS">
          <reporter-output>
          </reporter-output>
        </test-method> <!-- cleanUp -->
        <test-method is-config="true" signature="setUp()[pri:0, instance:testCases.TestSearchPageWithDataProvider@2a40cd94]" started-at="2020-11-28T18:41:57 EST" name="setUp" finished-at="2020-11-28T18:41:59 EST" duration-ms="1711" status="PASS">
          <reporter-output>
          </reporter-output>
        </test-method> <!-- setUp -->
        <test-method signature="testSearch3rdItem(java.lang.String)[pri:0, instance:testCases.TestSearchPageWithDataProvider@2a40cd94]" started-at="2020-11-28T18:41:59 EST" name="testSearch3rdItem" data-provider="HouseStuff" finished-at="2020-11-28T18:42:00 EST" duration-ms="864" status="PASS">
          <params>
            <param index="0">
              <value>
                <![CDATA[Electric Grill]]>
              </value>
            </param>
          </params>
          <reporter-output>
          </reporter-output>
        </test-method> <!-- testSearch3rdItem -->
        <test-method is-config="true" signature="cleanUp()[pri:0, instance:testCases.TestSearchPageWithDataProvider@2a40cd94]" started-at="2020-11-28T18:42:00 EST" name="cleanUp" finished-at="2020-11-28T18:42:02 EST" duration-ms="2182" status="PASS">
          <reporter-output>
          </reporter-output>
        </test-method> <!-- cleanUp -->
        <test-method is-config="true" signature="setUp()[pri:0, instance:testCases.TestSearchPageWithDataProvider@2a40cd94]" started-at="2020-11-28T18:42:02 EST" name="setUp" finished-at="2020-11-28T18:42:03 EST" duration-ms="1534" status="PASS">
          <reporter-output>
          </reporter-output>
        </test-method> <!-- setUp -->
        <test-method signature="testSearch3rdItem(java.lang.String)[pri:0, instance:testCases.TestSearchPageWithDataProvider@2a40cd94]" started-at="2020-11-28T18:42:03 EST" name="testSearch3rdItem" data-provider="HouseStuff" finished-at="2020-11-28T18:42:05 EST" duration-ms="1123" status="PASS">
          <params>
            <param index="0">
              <value>
                <![CDATA[Fruit Storage Basket]]>
              </value>
            </param>
          </params>
          <reporter-output>
          </reporter-output>
        </test-method> <!-- testSearch3rdItem -->
        <test-method is-config="true" signature="cleanUp()[pri:0, instance:testCases.TestSearchPageWithDataProvider@2a40cd94]" started-at="2020-11-28T18:42:05 EST" name="cleanUp" finished-at="2020-11-28T18:42:05 EST" duration-ms="103" status="PASS">
          <reporter-output>
          </reporter-output>
        </test-method> <!-- cleanUp -->
        <test-method is-config="true" signature="setUp()[pri:0, instance:testCases.TestSearchPageWithDataProvider@2a40cd94]" started-at="2020-11-28T18:42:05 EST" name="setUp" finished-at="2020-11-28T18:42:06 EST" duration-ms="1575" status="PASS">
          <reporter-output>
          </reporter-output>
        </test-method> <!-- setUp -->
        <test-method signature="testSearch3rdItem(java.lang.String)[pri:0, instance:testCases.TestSearchPageWithDataProvider@2a40cd94]" started-at="2020-11-28T18:42:06 EST" name="testSearch3rdItem" data-provider="HouseStuff" finished-at="2020-11-28T18:42:07 EST" duration-ms="1191" status="PASS">
          <params>
            <param index="0">
              <value>
                <![CDATA[Kitchen Utensil]]>
              </value>
            </param>
          </params>
          <reporter-output>
          </reporter-output>
        </test-method> <!-- testSearch3rdItem -->
        <test-method is-config="true" signature="cleanUp()[pri:0, instance:testCases.TestSearchPageWithDataProvider@2a40cd94]" started-at="2020-11-28T18:42:07 EST" name="cleanUp" finished-at="2020-11-28T18:42:08 EST" duration-ms="113" status="PASS">
          <reporter-output>
          </reporter-output>
        </test-method> <!-- cleanUp -->
      </class> <!-- testCases.TestSearchPageWithDataProvider -->
      <class name="testCases.TestSearchPage">
        <test-method is-config="true" signature="setUp()[pri:0, instance:testCases.TestSearchPage@530612ba]" started-at="2020-11-28T18:41:07 EST" name="setUp" finished-at="2020-11-28T18:41:09 EST" duration-ms="1855" status="PASS">
          <reporter-output>
          </reporter-output>
        </test-method> <!-- setUp -->
        <test-method signature="testSearch1stItem()[pri:0, instance:testCases.TestSearchPage@530612ba]" started-at="2020-11-28T18:41:09 EST" name="testSearch1stItem" finished-at="2020-11-28T18:41:10 EST" duration-ms="1365" status="PASS">
          <reporter-output>
          </reporter-output>
        </test-method> <!-- testSearch1stItem -->
        <test-method is-config="true" signature="cleanUp()[pri:0, instance:testCases.TestSearchPage@530612ba]" started-at="2020-11-28T18:41:10 EST" name="cleanUp" finished-at="2020-11-28T18:41:10 EST" duration-ms="108" status="PASS">
          <reporter-output>
          </reporter-output>
        </test-method> <!-- cleanUp -->
        <test-method is-config="true" signature="setUp()[pri:0, instance:testCases.TestSearchPage@530612ba]" started-at="2020-11-28T18:41:10 EST" name="setUp" finished-at="2020-11-28T18:41:12 EST" duration-ms="1941" status="PASS">
          <reporter-output>
          </reporter-output>
        </test-method> <!-- setUp -->
        <test-method signature="testSearch2ndItem()[pri:0, instance:testCases.TestSearchPage@530612ba]" started-at="2020-11-28T18:41:12 EST" name="testSearch2ndItem" finished-at="2020-11-28T18:41:13 EST" duration-ms="1103" status="PASS">
          <reporter-output>
          </reporter-output>
        </test-method> <!-- testSearch2ndItem -->
        <test-method is-config="true" signature="cleanUp()[pri:0, instance:testCases.TestSearchPage@530612ba]" started-at="2020-11-28T18:41:13 EST" name="cleanUp" finished-at="2020-11-28T18:41:13 EST" duration-ms="103" status="PASS">
          <reporter-output>
          </reporter-output>
        </test-method> <!-- cleanUp -->
        <test-method is-config="true" signature="setUp()[pri:0, instance:testCases.TestSearchPage@530612ba]" started-at="2020-11-28T18:41:13 EST" name="setUp" finished-at="2020-11-28T18:41:15 EST" duration-ms="1770" status="PASS">
          <reporter-output>
          </reporter-output>
        </test-method> <!-- setUp -->
        <test-method signature="testSearch3rdItem()[pri:0, instance:testCases.TestSearchPage@530612ba]" started-at="2020-11-28T18:41:15 EST" name="testSearch3rdItem" finished-at="2020-11-28T18:41:17 EST" duration-ms="1413" status="PASS">
          <reporter-output>
          </reporter-output>
        </test-method> <!-- testSearch3rdItem -->
        <test-method is-config="true" signature="cleanUp()[pri:0, instance:testCases.TestSearchPage@530612ba]" started-at="2020-11-28T18:41:17 EST" name="cleanUp" finished-at="2020-11-28T18:41:17 EST" duration-ms="160" status="PASS">
          <reporter-output>
          </reporter-output>
        </test-method> <!-- cleanUp -->
        <test-method is-config="true" signature="setUp()[pri:0, instance:testCases.TestSearchPage@530612ba]" started-at="2020-11-28T18:41:17 EST" name="setUp" finished-at="2020-11-28T18:41:19 EST" duration-ms="1807" status="PASS">
          <reporter-output>
          </reporter-output>
        </test-method> <!-- setUp -->
        <test-method signature="testSearch4thItem()[pri:0, instance:testCases.TestSearchPage@530612ba]" started-at="2020-11-28T18:41:19 EST" name="testSearch4thItem" finished-at="2020-11-28T18:41:20 EST" duration-ms="973" status="PASS">
          <reporter-output>
          </reporter-output>
        </test-method> <!-- testSearch4thItem -->
        <test-method is-config="true" signature="cleanUp()[pri:0, instance:testCases.TestSearchPage@530612ba]" started-at="2020-11-28T18:41:20 EST" name="cleanUp" finished-at="2020-11-28T18:41:20 EST" duration-ms="103" status="PASS">
          <reporter-output>
          </reporter-output>
        </test-method> <!-- cleanUp -->
        <test-method is-config="true" signature="setUp()[pri:0, instance:testCases.TestSearchPage@530612ba]" started-at="2020-11-28T18:41:20 EST" name="setUp" finished-at="2020-11-28T18:41:21 EST" duration-ms="1783" status="PASS">
          <reporter-output>
          </reporter-output>
        </test-method> <!-- setUp -->
        <test-method signature="testSearch5thItem()[pri:0, instance:testCases.TestSearchPage@530612ba]" started-at="2020-11-28T18:41:21 EST" name="testSearch5thItem" finished-at="2020-11-28T18:41:22 EST" duration-ms="992" status="PASS">
          <reporter-output>
          </reporter-output>
        </test-method> <!-- testSearch5thItem -->
        <test-method is-config="true" signature="cleanUp()[pri:0, instance:testCases.TestSearchPage@530612ba]" started-at="2020-11-28T18:41:22 EST" name="cleanUp" finished-at="2020-11-28T18:41:23 EST" duration-ms="101" status="PASS">
          <reporter-output>
          </reporter-output>
        </test-method> <!-- cleanUp -->
        <test-method is-config="true" signature="setUp()[pri:0, instance:testCases.TestSearchPage@530612ba]" started-at="2020-11-28T18:41:23 EST" name="setUp" finished-at="2020-11-28T18:41:24 EST" duration-ms="1639" status="PASS">
          <reporter-output>
          </reporter-output>
        </test-method> <!-- setUp -->
        <test-method signature="testSearch6thItem()[pri:0, instance:testCases.TestSearchPage@530612ba]" started-at="2020-11-28T18:41:24 EST" name="testSearch6thItem" finished-at="2020-11-28T18:41:25 EST" duration-ms="1124" status="PASS">
          <reporter-output>
          </reporter-output>
        </test-method> <!-- testSearch6thItem -->
        <test-method is-config="true" signature="cleanUp()[pri:0, instance:testCases.TestSearchPage@530612ba]" started-at="2020-11-28T18:41:25 EST" name="cleanUp" finished-at="2020-11-28T18:41:25 EST" duration-ms="112" status="PASS">
          <reporter-output>
          </reporter-output>
        </test-method> <!-- cleanUp -->
      </class> <!-- testCases.TestSearchPage -->
      <class name="testCases.TestCreateNewAccountPageWithDataProvider">
        <test-method is-config="true" signature="setUp()[pri:0, instance:testCases.TestCreateNewAccountPageWithDataProvider@3d8314f0]" started-at="2020-11-28T18:40:26 EST" name="setUp" finished-at="2020-11-28T18:40:29 EST" duration-ms="2253" status="PASS">
          <reporter-output>
          </reporter-output>
        </test-method> <!-- setUp -->
        <test-method signature="createNewAccountFourParameters(java.lang.String, java.lang.String, java.lang.String, java.lang.String)[pri:0, instance:testCases.TestCreateNewAccountPageWithDataProvider@3d8314f0]" started-at="2020-11-28T18:40:29 EST" name="createNewAccountFourParameters" data-provider="CreateNewWithFourColumns" finished-at="2020-11-28T18:40:31 EST" duration-ms="1935" status="PASS">
          <params>
            <param index="0">
              <value>
                <![CDATA[AbeerAli]]>
              </value>
            </param>
            <param index="1">
              <value>
                <![CDATA[amarali@yahoo.com]]>
              </value>
            </param>
            <param index="2">
              <value>
                <![CDATA[123adin]]>
              </value>
            </param>
            <param index="3">
              <value>
                <![CDATA[123adin]]>
              </value>
            </param>
          </params>
          <reporter-output>
          </reporter-output>
        </test-method> <!-- createNewAccountFourParameters -->
        <test-method is-config="true" signature="tearDown()[pri:0, instance:testCases.TestCreateNewAccountPageWithDataProvider@3d8314f0]" started-at="2020-11-28T18:40:31 EST" name="tearDown" finished-at="2020-11-28T18:40:31 EST" duration-ms="156" status="PASS">
          <reporter-output>
          </reporter-output>
        </test-method> <!-- tearDown -->
        <test-method is-config="true" signature="setUp()[pri:0, instance:testCases.TestCreateNewAccountPageWithDataProvider@3d8314f0]" started-at="2020-11-28T18:40:31 EST" name="setUp" finished-at="2020-11-28T18:40:33 EST" duration-ms="2003" status="PASS">
          <reporter-output>
          </reporter-output>
        </test-method> <!-- setUp -->
        <test-method signature="createNewAccountFourParameters(java.lang.String, java.lang.String, java.lang.String, java.lang.String)[pri:0, instance:testCases.TestCreateNewAccountPageWithDataProvider@3d8314f0]" started-at="2020-11-28T18:40:33 EST" name="createNewAccountFourParameters" data-provider="CreateNewWithFourColumns" finished-at="2020-11-28T18:40:34 EST" duration-ms="1695" status="PASS">
          <params>
            <param index="0">
              <value>
                <![CDATA[sajad]]>
              </value>
            </param>
            <param index="1">
              <value>
                <![CDATA[sajad786@Yahoo.com]]>
              </value>
            </param>
            <param index="2">
              <value>
                <![CDATA[423sun]]>
              </value>
            </param>
            <param index="3">
              <value>
                <![CDATA[423sun]]>
              </value>
            </param>
          </params>
          <reporter-output>
          </reporter-output>
        </test-method> <!-- createNewAccountFourParameters -->
        <test-method is-config="true" signature="tearDown()[pri:0, instance:testCases.TestCreateNewAccountPageWithDataProvider@3d8314f0]" started-at="2020-11-28T18:40:34 EST" name="tearDown" finished-at="2020-11-28T18:40:35 EST" duration-ms="99" status="PASS">
          <reporter-output>
          </reporter-output>
        </test-method> <!-- tearDown -->
        <test-method is-config="true" signature="setUp()[pri:0, instance:testCases.TestCreateNewAccountPageWithDataProvider@3d8314f0]" started-at="2020-11-28T18:40:35 EST" name="setUp" finished-at="2020-11-28T18:40:37 EST" duration-ms="2109" status="PASS">
          <reporter-output>
          </reporter-output>
        </test-method> <!-- setUp -->
        <test-method signature="createNewAccountFourParameters(java.lang.String, java.lang.String, java.lang.String, java.lang.String)[pri:0, instance:testCases.TestCreateNewAccountPageWithDataProvider@3d8314f0]" started-at="2020-11-28T18:40:37 EST" name="createNewAccountFourParameters" data-provider="CreateNewWithFourColumns" finished-at="2020-11-28T18:40:38 EST" duration-ms="1767" status="PASS">
          <params>
            <param index="0">
              <value>
                <![CDATA[Sahara]]>
              </value>
            </param>
            <param index="1">
              <value>
                <![CDATA[amarali@yahoo.com]]>
              </value>
            </param>
            <param index="2">
              <value>
                <![CDATA[123adin]]>
              </value>
            </param>
            <param index="3">
              <value>
                <![CDATA[123adin]]>
              </value>
            </param>
          </params>
          <reporter-output>
          </reporter-output>
        </test-method> <!-- createNewAccountFourParameters -->
        <test-method is-config="true" signature="tearDown()[pri:0, instance:testCases.TestCreateNewAccountPageWithDataProvider@3d8314f0]" started-at="2020-11-28T18:40:38 EST" name="tearDown" finished-at="2020-11-28T18:40:39 EST" duration-ms="102" status="PASS">
          <reporter-output>
          </reporter-output>
        </test-method> <!-- tearDown -->
        <test-method is-config="true" signature="setUp()[pri:0, instance:testCases.TestCreateNewAccountPageWithDataProvider@3d8314f0]" started-at="2020-11-28T18:40:39 EST" name="setUp" finished-at="2020-11-28T18:40:40 EST" duration-ms="1947" status="PASS">
          <reporter-output>
          </reporter-output>
        </test-method> <!-- setUp -->
        <test-method signature="createNewAccountFourParameters(java.lang.String, java.lang.String, java.lang.String, java.lang.String)[pri:0, instance:testCases.TestCreateNewAccountPageWithDataProvider@3d8314f0]" started-at="2020-11-28T18:40:40 EST" name="createNewAccountFourParameters" data-provider="CreateNewWithFourColumns" finished-at="2020-11-28T18:40:42 EST" duration-ms="1014" status="PASS">
          <params>
            <param index="0">
              <value>
                <![CDATA[Summit]]>
              </value>
            </param>
            <param index="1">
              <value>
                <![CDATA[sajad780@Gmail]]>
              </value>
            </param>
            <param index="2">
              <value>
                <![CDATA[423sun]]>
              </value>
            </param>
            <param index="3">
              <value>
                <![CDATA[423sun]]>
              </value>
            </param>
          </params>
          <reporter-output>
          </reporter-output>
        </test-method> <!-- createNewAccountFourParameters -->
        <test-method is-config="true" signature="tearDown()[pri:0, instance:testCases.TestCreateNewAccountPageWithDataProvider@3d8314f0]" started-at="2020-11-28T18:40:42 EST" name="tearDown" finished-at="2020-11-28T18:40:42 EST" duration-ms="103" status="PASS">
          <reporter-output>
          </reporter-output>
        </test-method> <!-- tearDown -->
        <test-method is-config="true" signature="setUp()[pri:0, instance:testCases.TestCreateNewAccountPageWithDataProvider@3d8314f0]" started-at="2020-11-28T18:40:42 EST" name="setUp" finished-at="2020-11-28T18:40:43 EST" duration-ms="1803" status="PASS">
          <reporter-output>
          </reporter-output>
        </test-method> <!-- setUp -->
        <test-method signature="createNewAccountFourParameters(java.lang.String, java.lang.String, java.lang.String, java.lang.String)[pri:0, instance:testCases.TestCreateNewAccountPageWithDataProvider@3d8314f0]" started-at="2020-11-28T18:40:43 EST" name="createNewAccountFourParameters" data-provider="CreateNewWithFourColumns" finished-at="2020-11-28T18:40:45 EST" duration-ms="1567" status="PASS">
          <params>
            <param index="0">
              <value>
                <![CDATA[Akbar]]>
              </value>
            </param>
            <param index="1">
              <value>
                <![CDATA[amarali@yahoo.com]]>
              </value>
            </param>
            <param index="2">
              <value>
                <![CDATA[123adin]]>
              </value>
            </param>
            <param index="3">
              <value>
                <![CDATA[123adin]]>
              </value>
            </param>
          </params>
          <reporter-output>
          </reporter-output>
        </test-method> <!-- createNewAccountFourParameters -->
        <test-method is-config="true" signature="tearDown()[pri:0, instance:testCases.TestCreateNewAccountPageWithDataProvider@3d8314f0]" started-at="2020-11-28T18:40:45 EST" name="tearDown" finished-at="2020-11-28T18:40:45 EST" duration-ms="154" status="PASS">
          <reporter-output>
          </reporter-output>
        </test-method> <!-- tearDown -->
        <test-method is-config="true" signature="setUp()[pri:0, instance:testCases.TestCreateNewAccountPageWithDataProvider@3d8314f0]" started-at="2020-11-28T18:40:45 EST" name="setUp" finished-at="2020-11-28T18:40:47 EST" duration-ms="1889" status="PASS">
          <reporter-output>
          </reporter-output>
        </test-method> <!-- setUp -->
        <test-method signature="createNewAccountFourParameters(java.lang.String, java.lang.String, java.lang.String, java.lang.String)[pri:0, instance:testCases.TestCreateNewAccountPageWithDataProvider@3d8314f0]" started-at="2020-11-28T18:40:47 EST" name="createNewAccountFourParameters" data-provider="CreateNewWithFourColumns" finished-at="2020-11-28T18:40:49 EST" duration-ms="1527" status="PASS">
          <params>
            <param index="0">
              <value>
                <![CDATA[Sayeed]]>
              </value>
            </param>
            <param index="1">
              <value>
                <![CDATA[sajad786@Yahoo.com]]>
              </value>
            </param>
            <param index="2">
              <value>
                <![CDATA[423sun]]>
              </value>
            </param>
            <param index="3">
              <value>
                <![CDATA[423sun]]>
              </value>
            </param>
          </params>
          <reporter-output>
          </reporter-output>
        </test-method> <!-- createNewAccountFourParameters -->
        <test-method is-config="true" signature="tearDown()[pri:0, instance:testCases.TestCreateNewAccountPageWithDataProvider@3d8314f0]" started-at="2020-11-28T18:40:49 EST" name="tearDown" finished-at="2020-11-28T18:40:49 EST" duration-ms="97" status="PASS">
          <reporter-output>
          </reporter-output>
        </test-method> <!-- tearDown -->
        <test-method is-config="true" signature="setUp()[pri:0, instance:testCases.TestCreateNewAccountPageWithDataProvider@3d8314f0]" started-at="2020-11-28T18:40:49 EST" name="setUp" finished-at="2020-11-28T18:40:50 EST" duration-ms="1721" status="PASS">
          <reporter-output>
          </reporter-output>
        </test-method> <!-- setUp -->
        <test-method signature="createNewAccountThreeParameters(java.lang.String, java.lang.String, java.lang.String)[pri:0, instance:testCases.TestCreateNewAccountPageWithDataProvider@3d8314f0]" started-at="2020-11-28T18:40:50 EST" name="createNewAccountThreeParameters" data-provider="CreateNewWithThreeColumns" finished-at="2020-11-28T18:40:51 EST" duration-ms="1000" status="PASS">
          <params>
            <param index="0">
              <value>
                <![CDATA[Ammar]]>
              </value>
            </param>
            <param index="1">
              <value>
                <![CDATA[saj413@gmail.com]]>
              </value>
            </param>
            <param index="2">
              <value>
                <![CDATA[123adin]]>
              </value>
            </param>
          </params>
          <reporter-output>
          </reporter-output>
        </test-method> <!-- createNewAccountThreeParameters -->
        <test-method is-config="true" signature="tearDown()[pri:0, instance:testCases.TestCreateNewAccountPageWithDataProvider@3d8314f0]" started-at="2020-11-28T18:40:51 EST" name="tearDown" finished-at="2020-11-28T18:40:52 EST" duration-ms="95" status="PASS">
          <reporter-output>
          </reporter-output>
        </test-method> <!-- tearDown -->
        <test-method is-config="true" signature="setUp()[pri:0, instance:testCases.TestCreateNewAccountPageWithDataProvider@3d8314f0]" started-at="2020-11-28T18:40:52 EST" name="setUp" finished-at="2020-11-28T18:40:53 EST" duration-ms="1872" status="PASS">
          <reporter-output>
          </reporter-output>
        </test-method> <!-- setUp -->
        <test-method signature="createNewAccountThreeParameters(java.lang.String, java.lang.String, java.lang.String)[pri:0, instance:testCases.TestCreateNewAccountPageWithDataProvider@3d8314f0]" started-at="2020-11-28T18:40:53 EST" name="createNewAccountThreeParameters" data-provider="CreateNewWithThreeColumns" finished-at="2020-11-28T18:40:54 EST" duration-ms="1104" status="PASS">
          <params>
            <param index="0">
              <value>
                <![CDATA[]]>
              </value>
            </param>
            <param index="1">
              <value>
                <![CDATA[]]>
              </value>
            </param>
            <param index="2">
              <value>
                <![CDATA[]]>
              </value>
            </param>
          </params>
          <reporter-output>
          </reporter-output>
        </test-method> <!-- createNewAccountThreeParameters -->
        <test-method is-config="true" signature="tearDown()[pri:0, instance:testCases.TestCreateNewAccountPageWithDataProvider@3d8314f0]" started-at="2020-11-28T18:40:54 EST" name="tearDown" finished-at="2020-11-28T18:40:55 EST" duration-ms="154" status="PASS">
          <reporter-output>
          </reporter-output>
        </test-method> <!-- tearDown -->
        <test-method is-config="true" signature="setUp()[pri:0, instance:testCases.TestCreateNewAccountPageWithDataProvider@3d8314f0]" started-at="2020-11-28T18:40:55 EST" name="setUp" finished-at="2020-11-28T18:40:57 EST" duration-ms="2452" status="PASS">
          <reporter-output>
          </reporter-output>
        </test-method> <!-- setUp -->
        <test-method signature="createNewAccountTwoParameters(java.lang.String, java.lang.String)[pri:0, instance:testCases.TestCreateNewAccountPageWithDataProvider@3d8314f0]" started-at="2020-11-28T18:40:57 EST" name="createNewAccountTwoParameters" data-provider="CreateNewAcct" finished-at="2020-11-28T18:40:58 EST" duration-ms="811" status="PASS">
          <params>
            <param index="0">
              <value>
                <![CDATA[Sumiar]]>
              </value>
            </param>
            <param index="1">
              <value>
                <![CDATA[saj413@gmail.com]]>
              </value>
            </param>
          </params>
          <reporter-output>
          </reporter-output>
        </test-method> <!-- createNewAccountTwoParameters -->
        <test-method is-config="true" signature="tearDown()[pri:0, instance:testCases.TestCreateNewAccountPageWithDataProvider@3d8314f0]" started-at="2020-11-28T18:40:58 EST" name="tearDown" finished-at="2020-11-28T18:40:58 EST" duration-ms="106" status="PASS">
          <reporter-output>
          </reporter-output>
        </test-method> <!-- tearDown -->
        <test-method is-config="true" signature="setUp()[pri:0, instance:testCases.TestCreateNewAccountPageWithDataProvider@3d8314f0]" started-at="2020-11-28T18:40:58 EST" name="setUp" finished-at="2020-11-28T18:41:00 EST" duration-ms="1768" status="PASS">
          <reporter-output>
          </reporter-output>
        </test-method> <!-- setUp -->
        <test-method signature="createNewAccountTwoParameters(java.lang.String, java.lang.String)[pri:0, instance:testCases.TestCreateNewAccountPageWithDataProvider@3d8314f0]" started-at="2020-11-28T18:41:00 EST" name="createNewAccountTwoParameters" data-provider="CreateNewAcct" finished-at="2020-11-28T18:41:01 EST" duration-ms="753" status="PASS">
          <params>
            <param index="0">
              <value>
                <![CDATA[Adin]]>
              </value>
            </param>
            <param index="1">
              <value>
                <![CDATA[Emon@hotmail.com]]>
              </value>
            </param>
          </params>
          <reporter-output>
          </reporter-output>
        </test-method> <!-- createNewAccountTwoParameters -->
        <test-method is-config="true" signature="tearDown()[pri:0, instance:testCases.TestCreateNewAccountPageWithDataProvider@3d8314f0]" started-at="2020-11-28T18:41:01 EST" name="tearDown" finished-at="2020-11-28T18:41:01 EST" duration-ms="100" status="PASS">
          <reporter-output>
          </reporter-output>
        </test-method> <!-- tearDown -->
      </class> <!-- testCases.TestCreateNewAccountPageWithDataProvider -->
    </test> <!-- Surefire test -->
  </suite> <!-- Surefire suite -->
</testng-results>
