<?xml version="1.0" encoding="UTF-8"?>
<testng-results ignored="0" total="34" passed="34" failed="0" skipped="0">
  <reporter-output>
  </reporter-output>
  <suite started-at="2020-11-29T07:04:53 EST" name="Surefire suite" finished-at="2020-11-29T07:06:42 EST" duration-ms="109438">
    <groups>
    </groups>
    <test started-at="2020-11-29T07:04:53 EST" name="Surefire test" finished-at="2020-11-29T07:06:42 EST" duration-ms="109438">
      <class name="testCases.TestIndexPage">
        <test-method is-config="true" signature="setUp()[pri:0, instance:testCases.TestIndexPage@10e31a9a]" started-at="2020-11-29T07:05:26 EST" name="setUp" finished-at="2020-11-29T07:05:28 EST" duration-ms="2002" status="PASS">
          <reporter-output>
          </reporter-output>
        </test-method> <!-- setUp -->
        <test-method signature="testSignIn()[pri:0, instance:testCases.TestIndexPage@10e31a9a]" started-at="2020-11-29T07:05:28 EST" name="testSignIn" finished-at="2020-11-29T07:05:29 EST" duration-ms="479" status="PASS">
          <reporter-output>
          </reporter-output>
        </test-method> <!-- testSignIn -->
        <test-method is-config="true" signature="cleanUp()[pri:0, instance:testCases.TestIndexPage@10e31a9a]" started-at="2020-11-29T07:05:29 EST" name="cleanUp" finished-at="2020-11-29T07:05:29 EST" duration-ms="103" status="PASS">
          <reporter-output>
          </reporter-output>
        </test-method> <!-- cleanUp -->
        <test-method is-config="true" signature="setUp()[pri:0, instance:testCases.TestIndexPage@10e31a9a]" started-at="2020-11-29T07:05:29 EST" name="setUp" finished-at="2020-11-29T07:05:31 EST" duration-ms="1683" status="PASS">
          <reporter-output>
          </reporter-output>
        </test-method> <!-- setUp -->
        <test-method signature="testValidateCompanyLogo()[pri:0, instance:testCases.TestIndexPage@10e31a9a]" started-at="2020-11-29T07:05:31 EST" name="testValidateCompanyLogo" finished-at="2020-11-29T07:05:31 EST" duration-ms="299" status="PASS">
          <reporter-output>
          </reporter-output>
        </test-method> <!-- testValidateCompanyLogo -->
        <test-method is-config="true" signature="cleanUp()[pri:0, instance:testCases.TestIndexPage@10e31a9a]" started-at="2020-11-29T07:05:31 EST" name="cleanUp" finished-at="2020-11-29T07:05:31 EST" duration-ms="150" status="PASS">
          <reporter-output>
          </reporter-output>
        </test-method> <!-- cleanUp -->
        <test-method is-config="true" signature="setUp()[pri:0, instance:testCases.TestIndexPage@10e31a9a]" started-at="2020-11-29T07:05:31 EST" name="setUp" finished-at="2020-11-29T07:05:33 EST" duration-ms="1708" status="PASS">
          <reporter-output>
          </reporter-output>
        </test-method> <!-- setUp -->
        <test-method signature="testValidateUrl()[pri:0, instance:testCases.TestIndexPage@10e31a9a]" started-at="2020-11-29T07:05:33 EST" name="testValidateUrl" finished-at="2020-11-29T07:05:33 EST" duration-ms="48" status="PASS">
          <reporter-output>
          </reporter-output>
        </test-method> <!-- testValidateUrl -->
        <test-method is-config="true" signature="cleanUp()[pri:0, instance:testCases.TestIndexPage@10e31a9a]" started-at="2020-11-29T07:05:33 EST" name="cleanUp" finished-at="2020-11-29T07:05:33 EST" duration-ms="97" status="PASS">
          <reporter-output>
          </reporter-output>
        </test-method> <!-- cleanUp -->
      </class> <!-- testCases.TestIndexPage -->
      <class name="testCases.TestCreateNewAccountPage">
        <test-method is-config="true" signature="setUp()[pri:0, instance:testCases.TestCreateNewAccountPage@77847718]" started-at="2020-11-29T07:06:36 EST" name="setUp" finished-at="2020-11-29T07:06:38 EST" duration-ms="1753" status="PASS">
          <reporter-output>
          </reporter-output>
        </test-method> <!-- setUp -->
        <test-method signature="createNewAccount()[pri:0, instance:testCases.TestCreateNewAccountPage@77847718]" started-at="2020-11-29T07:06:38 EST" name="createNewAccount" finished-at="2020-11-29T07:06:39 EST" duration-ms="1409" status="PASS">
          <reporter-output>
          </reporter-output>
        </test-method> <!-- createNewAccount -->
        <test-method is-config="true" signature="tearDown()[pri:0, instance:testCases.TestCreateNewAccountPage@77847718]" started-at="2020-11-29T07:06:39 EST" name="tearDown" finished-at="2020-11-29T07:06:39 EST" duration-ms="0" status="PASS">
          <reporter-output>
          </reporter-output>
        </test-method> <!-- tearDown -->
        <test-method is-config="true" signature="setUp()[pri:0, instance:testCases.TestCreateNewAccountPage@77847718]" started-at="2020-11-29T07:06:39 EST" name="setUp" finished-at="2020-11-29T07:06:41 EST" duration-ms="1748" status="PASS">
          <reporter-output>
          </reporter-output>
        </test-method> <!-- setUp -->
        <test-method signature="createNewAccountTwoParameters()[pri:0, instance:testCases.TestCreateNewAccountPage@77847718]" started-at="2020-11-29T07:06:41 EST" name="createNewAccountTwoParameters" finished-at="2020-11-29T07:06:42 EST" duration-ms="1320" status="PASS">
          <reporter-output>
          </reporter-output>
        </test-method> <!-- createNewAccountTwoParameters -->
        <test-method is-config="true" signature="tearDown()[pri:0, instance:testCases.TestCreateNewAccountPage@77847718]" started-at="2020-11-29T07:06:42 EST" name="tearDown" finished-at="2020-11-29T07:06:42 EST" duration-ms="0" status="PASS">
          <reporter-output>
          </reporter-output>
        </test-method> <!-- tearDown -->
      </class> <!-- testCases.TestCreateNewAccountPage -->
      <class name="testCases.TestSearchPageWithDataProvider">
        <test-method is-config="true" signature="setUp()[pri:0, instance:testCases.TestSearchPageWithDataProvider@158d2680]" started-at="2020-11-29T07:05:52 EST" name="setUp" finished-at="2020-11-29T07:05:54 EST" duration-ms="1652" status="PASS">
          <reporter-output>
          </reporter-output>
        </test-method> <!-- setUp -->
        <test-method signature="testSearch1stItem(java.lang.String)[pri:0, instance:testCases.TestSearchPageWithDataProvider@158d2680]" started-at="2020-11-29T07:05:54 EST" name="testSearch1stItem" data-provider="search" finished-at="2020-11-29T07:05:55 EST" duration-ms="1530" status="PASS">
          <params>
            <param index="0">
              <value>
                <![CDATA[iphone]]>
              </value>
            </param>
          </params>
          <reporter-output>
          </reporter-output>
        </test-method> <!-- testSearch1stItem -->
        <test-method is-config="true" signature="cleanUp()[pri:0, instance:testCases.TestSearchPageWithDataProvider@158d2680]" started-at="2020-11-29T07:05:55 EST" name="cleanUp" finished-at="2020-11-29T07:05:55 EST" duration-ms="109" status="PASS">
          <reporter-output>
          </reporter-output>
        </test-method> <!-- cleanUp -->
        <test-method is-config="true" signature="setUp()[pri:0, instance:testCases.TestSearchPageWithDataProvider@158d2680]" started-at="2020-11-29T07:05:55 EST" name="setUp" finished-at="2020-11-29T07:05:58 EST" duration-ms="2568" status="PASS">
          <reporter-output>
          </reporter-output>
        </test-method> <!-- setUp -->
        <test-method signature="testSearch1stItem(java.lang.String)[pri:0, instance:testCases.TestSearchPageWithDataProvider@158d2680]" started-at="2020-11-29T07:05:58 EST" name="testSearch1stItem" data-provider="search" finished-at="2020-11-29T07:06:00 EST" duration-ms="2054" status="PASS">
          <params>
            <param index="0">
              <value>
                <![CDATA[Table Lamp]]>
              </value>
            </param>
          </params>
          <reporter-output>
          </reporter-output>
        </test-method> <!-- testSearch1stItem -->
        <test-method is-config="true" signature="cleanUp()[pri:0, instance:testCases.TestSearchPageWithDataProvider@158d2680]" started-at="2020-11-29T07:06:00 EST" name="cleanUp" finished-at="2020-11-29T07:06:00 EST" duration-ms="117" status="PASS">
          <reporter-output>
          </reporter-output>
        </test-method> <!-- cleanUp -->
        <test-method is-config="true" signature="setUp()[pri:0, instance:testCases.TestSearchPageWithDataProvider@158d2680]" started-at="2020-11-29T07:06:00 EST" name="setUp" finished-at="2020-11-29T07:06:02 EST" duration-ms="1821" status="PASS">
          <reporter-output>
          </reporter-output>
        </test-method> <!-- setUp -->
        <test-method signature="testSearch1stItem(java.lang.String)[pri:0, instance:testCases.TestSearchPageWithDataProvider@158d2680]" started-at="2020-11-29T07:06:02 EST" name="testSearch1stItem" data-provider="search" finished-at="2020-11-29T07:06:03 EST" duration-ms="1288" status="PASS">
          <params>
            <param index="0">
              <value>
                <![CDATA[Cooling Fan]]>
              </value>
            </param>
          </params>
          <reporter-output>
          </reporter-output>
        </test-method> <!-- testSearch1stItem -->
        <test-method is-config="true" signature="cleanUp()[pri:0, instance:testCases.TestSearchPageWithDataProvider@158d2680]" started-at="2020-11-29T07:06:03 EST" name="cleanUp" finished-at="2020-11-29T07:06:03 EST" duration-ms="162" status="PASS">
          <reporter-output>
          </reporter-output>
        </test-method> <!-- cleanUp -->
        <test-method is-config="true" signature="setUp()[pri:0, instance:testCases.TestSearchPageWithDataProvider@158d2680]" started-at="2020-11-29T07:06:03 EST" name="setUp" finished-at="2020-11-29T07:06:05 EST" duration-ms="1856" status="PASS">
          <reporter-output>
          </reporter-output>
        </test-method> <!-- setUp -->
        <test-method signature="testSearch1stItem(java.lang.String)[pri:0, instance:testCases.TestSearchPageWithDataProvider@158d2680]" started-at="2020-11-29T07:06:05 EST" name="testSearch1stItem" data-provider="search" finished-at="2020-11-29T07:06:06 EST" duration-ms="942" status="PASS">
          <params>
            <param index="0">
              <value>
                <![CDATA[hp computer]]>
              </value>
            </param>
          </params>
          <reporter-output>
          </reporter-output>
        </test-method> <!-- testSearch1stItem -->
        <test-method is-config="true" signature="cleanUp()[pri:0, instance:testCases.TestSearchPageWithDataProvider@158d2680]" started-at="2020-11-29T07:06:06 EST" name="cleanUp" finished-at="2020-11-29T07:06:06 EST" duration-ms="156" status="PASS">
          <reporter-output>
          </reporter-output>
        </test-method> <!-- cleanUp -->
        <test-method is-config="true" signature="setUp()[pri:0, instance:testCases.TestSearchPageWithDataProvider@158d2680]" started-at="2020-11-29T07:06:06 EST" name="setUp" finished-at="2020-11-29T07:06:08 EST" duration-ms="1690" status="PASS">
          <reporter-output>
          </reporter-output>
        </test-method> <!-- setUp -->
        <test-method signature="testSearch1stItem(java.lang.String)[pri:0, instance:testCases.TestSearchPageWithDataProvider@158d2680]" started-at="2020-11-29T07:06:08 EST" name="testSearch1stItem" data-provider="search" finished-at="2020-11-29T07:06:09 EST" duration-ms="1534" status="PASS">
          <params>
            <param index="0">
              <value>
                <![CDATA[Office Chair]]>
              </value>
            </param>
          </params>
          <reporter-output>
          </reporter-output>
        </test-method> <!-- testSearch1stItem -->
        <test-method is-config="true" signature="cleanUp()[pri:0, instance:testCases.TestSearchPageWithDataProvider@158d2680]" started-at="2020-11-29T07:06:09 EST" name="cleanUp" finished-at="2020-11-29T07:06:10 EST" duration-ms="162" status="PASS">
          <reporter-output>
          </reporter-output>
        </test-method> <!-- cleanUp -->
        <test-method is-config="true" signature="setUp()[pri:0, instance:testCases.TestSearchPageWithDataProvider@158d2680]" started-at="2020-11-29T07:06:10 EST" name="setUp" finished-at="2020-11-29T07:06:12 EST" duration-ms="2037" status="PASS">
          <reporter-output>
          </reporter-output>
        </test-method> <!-- setUp -->
        <test-method signature="testSearch1stItem(java.lang.String)[pri:0, instance:testCases.TestSearchPageWithDataProvider@158d2680]" started-at="2020-11-29T07:06:12 EST" name="testSearch1stItem" data-provider="search" finished-at="2020-11-29T07:06:13 EST" duration-ms="1404" status="PASS">
          <params>
            <param index="0">
              <value>
                <![CDATA[Bed sheets]]>
              </value>
            </param>
          </params>
          <reporter-output>
          </reporter-output>
        </test-method> <!-- testSearch1stItem -->
        <test-method is-config="true" signature="cleanUp()[pri:0, instance:testCases.TestSearchPageWithDataProvider@158d2680]" started-at="2020-11-29T07:06:13 EST" name="cleanUp" finished-at="2020-11-29T07:06:13 EST" duration-ms="107" status="PASS">
          <reporter-output>
          </reporter-output>
        </test-method> <!-- cleanUp -->
        <test-method is-config="true" signature="setUp()[pri:0, instance:testCases.TestSearchPageWithDataProvider@158d2680]" started-at="2020-11-29T07:06:13 EST" name="setUp" finished-at="2020-11-29T07:06:15 EST" duration-ms="1759" status="PASS">
          <reporter-output>
          </reporter-output>
        </test-method> <!-- setUp -->
        <test-method signature="testSearch2ndItem(java.lang.String)[pri:0, instance:testCases.TestSearchPageWithDataProvider@158d2680]" started-at="2020-11-29T07:06:15 EST" name="testSearch2ndItem" data-provider="AmazonOffice" finished-at="2020-11-29T07:06:17 EST" duration-ms="1773" status="PASS">
          <params>
            <param index="0">
              <value>
                <![CDATA[Office chair]]>
              </value>
            </param>
          </params>
          <reporter-output>
          </reporter-output>
        </test-method> <!-- testSearch2ndItem -->
        <test-method is-config="true" signature="cleanUp()[pri:0, instance:testCases.TestSearchPageWithDataProvider@158d2680]" started-at="2020-11-29T07:06:17 EST" name="cleanUp" finished-at="2020-11-29T07:06:17 EST" duration-ms="112" status="PASS">
          <reporter-output>
          </reporter-output>
        </test-method> <!-- cleanUp -->
        <test-method is-config="true" signature="setUp()[pri:0, instance:testCases.TestSearchPageWithDataProvider@158d2680]" started-at="2020-11-29T07:06:17 EST" name="setUp" finished-at="2020-11-29T07:06:19 EST" duration-ms="1838" status="PASS">
          <reporter-output>
          </reporter-output>
        </test-method> <!-- setUp -->
        <test-method signature="testSearch2ndItem(java.lang.String)[pri:0, instance:testCases.TestSearchPageWithDataProvider@158d2680]" started-at="2020-11-29T07:06:19 EST" name="testSearch2ndItem" data-provider="AmazonOffice" finished-at="2020-11-29T07:06:20 EST" duration-ms="1039" status="PASS">
          <params>
            <param index="0">
              <value>
                <![CDATA[office desk]]>
              </value>
            </param>
          </params>
          <reporter-output>
          </reporter-output>
        </test-method> <!-- testSearch2ndItem -->
        <test-method is-config="true" signature="cleanUp()[pri:0, instance:testCases.TestSearchPageWithDataProvider@158d2680]" started-at="2020-11-29T07:06:20 EST" name="cleanUp" finished-at="2020-11-29T07:06:20 EST" duration-ms="105" status="PASS">
          <reporter-output>
          </reporter-output>
        </test-method> <!-- cleanUp -->
        <test-method is-config="true" signature="setUp()[pri:0, instance:testCases.TestSearchPageWithDataProvider@158d2680]" started-at="2020-11-29T07:06:20 EST" name="setUp" finished-at="2020-11-29T07:06:21 EST" duration-ms="1722" status="PASS">
          <reporter-output>
          </reporter-output>
        </test-method> <!-- setUp -->
        <test-method signature="testSearch2ndItem(java.lang.String)[pri:0, instance:testCases.TestSearchPageWithDataProvider@158d2680]" started-at="2020-11-29T07:06:21 EST" name="testSearch2ndItem" data-provider="AmazonOffice" finished-at="2020-11-29T07:06:23 EST" duration-ms="1263" status="PASS">
          <params>
            <param index="0">
              <value>
                <![CDATA[office trash can]]>
              </value>
            </param>
          </params>
          <reporter-output>
          </reporter-output>
        </test-method> <!-- testSearch2ndItem -->
        <test-method is-config="true" signature="cleanUp()[pri:0, instance:testCases.TestSearchPageWithDataProvider@158d2680]" started-at="2020-11-29T07:06:23 EST" name="cleanUp" finished-at="2020-11-29T07:06:23 EST" duration-ms="113" status="PASS">
          <reporter-output>
          </reporter-output>
        </test-method> <!-- cleanUp -->
        <test-method is-config="true" signature="setUp()[pri:0, instance:testCases.TestSearchPageWithDataProvider@158d2680]" started-at="2020-11-29T07:06:23 EST" name="setUp" finished-at="2020-11-29T07:06:25 EST" duration-ms="1681" status="PASS">
          <reporter-output>
          </reporter-output>
        </test-method> <!-- setUp -->
        <test-method signature="testSearch2ndItem(java.lang.String)[pri:0, instance:testCases.TestSearchPageWithDataProvider@158d2680]" started-at="2020-11-29T07:06:25 EST" name="testSearch2ndItem" data-provider="AmazonOffice" finished-at="2020-11-29T07:06:26 EST" duration-ms="1535" status="PASS">
          <params>
            <param index="0">
              <value>
                <![CDATA[office cushion]]>
              </value>
            </param>
          </params>
          <reporter-output>
          </reporter-output>
        </test-method> <!-- testSearch2ndItem -->
        <test-method is-config="true" signature="cleanUp()[pri:0, instance:testCases.TestSearchPageWithDataProvider@158d2680]" started-at="2020-11-29T07:06:26 EST" name="cleanUp" finished-at="2020-11-29T07:06:26 EST" duration-ms="160" status="PASS">
          <reporter-output>
          </reporter-output>
        </test-method> <!-- cleanUp -->
        <test-method is-config="true" signature="setUp()[pri:0, instance:testCases.TestSearchPageWithDataProvider@158d2680]" started-at="2020-11-29T07:06:26 EST" name="setUp" finished-at="2020-11-29T07:06:28 EST" duration-ms="1739" status="PASS">
          <reporter-output>
          </reporter-output>
        </test-method> <!-- setUp -->
        <test-method signature="testSearch3rdItem(java.lang.String)[pri:0, instance:testCases.TestSearchPageWithDataProvider@158d2680]" started-at="2020-11-29T07:06:28 EST" name="testSearch3rdItem" data-provider="HouseStuff" finished-at="2020-11-29T07:06:29 EST" duration-ms="1308" status="PASS">
          <params>
            <param index="0">
              <value>
                <![CDATA[Electric Grill]]>
              </value>
            </param>
          </params>
          <reporter-output>
          </reporter-output>
        </test-method> <!-- testSearch3rdItem -->
        <test-method is-config="true" signature="cleanUp()[pri:0, instance:testCases.TestSearchPageWithDataProvider@158d2680]" started-at="2020-11-29T07:06:29 EST" name="cleanUp" finished-at="2020-11-29T07:06:29 EST" duration-ms="160" status="PASS">
          <reporter-output>
          </reporter-output>
        </test-method> <!-- cleanUp -->
        <test-method is-config="true" signature="setUp()[pri:0, instance:testCases.TestSearchPageWithDataProvider@158d2680]" started-at="2020-11-29T07:06:29 EST" name="setUp" finished-at="2020-11-29T07:06:31 EST" duration-ms="1690" status="PASS">
          <reporter-output>
          </reporter-output>
        </test-method> <!-- setUp -->
        <test-method signature="testSearch3rdItem(java.lang.String)[pri:0, instance:testCases.TestSearchPageWithDataProvider@158d2680]" started-at="2020-11-29T07:06:31 EST" name="testSearch3rdItem" data-provider="HouseStuff" finished-at="2020-11-29T07:06:32 EST" duration-ms="1162" status="PASS">
          <params>
            <param index="0">
              <value>
                <![CDATA[Fruit Storage Basket]]>
              </value>
            </param>
          </params>
          <reporter-output>
          </reporter-output>
        </test-method> <!-- testSearch3rdItem -->
        <test-method is-config="true" signature="cleanUp()[pri:0, instance:testCases.TestSearchPageWithDataProvider@158d2680]" started-at="2020-11-29T07:06:32 EST" name="cleanUp" finished-at="2020-11-29T07:06:32 EST" duration-ms="117" status="PASS">
          <reporter-output>
          </reporter-output>
        </test-method> <!-- cleanUp -->
        <test-method is-config="true" signature="setUp()[pri:0, instance:testCases.TestSearchPageWithDataProvider@158d2680]" started-at="2020-11-29T07:06:32 EST" name="setUp" finished-at="2020-11-29T07:06:34 EST" duration-ms="1693" status="PASS">
          <reporter-output>
          </reporter-output>
        </test-method> <!-- setUp -->
        <test-method signature="testSearch3rdItem(java.lang.String)[pri:0, instance:testCases.TestSearchPageWithDataProvider@158d2680]" started-at="2020-11-29T07:06:34 EST" name="testSearch3rdItem" data-provider="HouseStuff" finished-at="2020-11-29T07:06:36 EST" duration-ms="1496" status="PASS">
          <params>
            <param index="0">
              <value>
                <![CDATA[Kitchen Utensil]]>
              </value>
            </param>
          </params>
          <reporter-output>
          </reporter-output>
        </test-method> <!-- testSearch3rdItem -->
        <test-method is-config="true" signature="cleanUp()[pri:0, instance:testCases.TestSearchPageWithDataProvider@158d2680]" started-at="2020-11-29T07:06:36 EST" name="cleanUp" finished-at="2020-11-29T07:06:36 EST" duration-ms="126" status="PASS">
          <reporter-output>
          </reporter-output>
        </test-method> <!-- cleanUp -->
      </class> <!-- testCases.TestSearchPageWithDataProvider -->
      <class name="testCases.TestSearchPage">
        <test-method is-config="true" signature="setUp()[pri:0, instance:testCases.TestSearchPage@131774fe]" started-at="2020-11-29T07:05:33 EST" name="setUp" finished-at="2020-11-29T07:05:35 EST" duration-ms="1881" status="PASS">
          <reporter-output>
          </reporter-output>
        </test-method> <!-- setUp -->
        <test-method signature="testSearch1stItem()[pri:0, instance:testCases.TestSearchPage@131774fe]" started-at="2020-11-29T07:05:35 EST" name="testSearch1stItem" finished-at="2020-11-29T07:05:36 EST" duration-ms="1364" status="PASS">
          <reporter-output>
          </reporter-output>
        </test-method> <!-- testSearch1stItem -->
        <test-method is-config="true" signature="cleanUp()[pri:0, instance:testCases.TestSearchPage@131774fe]" started-at="2020-11-29T07:05:36 EST" name="cleanUp" finished-at="2020-11-29T07:05:36 EST" duration-ms="103" status="PASS">
          <reporter-output>
          </reporter-output>
        </test-method> <!-- cleanUp -->
        <test-method is-config="true" signature="setUp()[pri:0, instance:testCases.TestSearchPage@131774fe]" started-at="2020-11-29T07:05:36 EST" name="setUp" finished-at="2020-11-29T07:05:38 EST" duration-ms="1637" status="PASS">
          <reporter-output>
          </reporter-output>
        </test-method> <!-- setUp -->
        <test-method signature="testSearch2ndItem()[pri:0, instance:testCases.TestSearchPage@131774fe]" started-at="2020-11-29T07:05:38 EST" name="testSearch2ndItem" finished-at="2020-11-29T07:05:39 EST" duration-ms="1075" status="PASS">
          <reporter-output>
          </reporter-output>
        </test-method> <!-- testSearch2ndItem -->
        <test-method is-config="true" signature="cleanUp()[pri:0, instance:testCases.TestSearchPage@131774fe]" started-at="2020-11-29T07:05:39 EST" name="cleanUp" finished-at="2020-11-29T07:05:39 EST" duration-ms="100" status="PASS">
          <reporter-output>
          </reporter-output>
        </test-method> <!-- cleanUp -->
        <test-method is-config="true" signature="setUp()[pri:0, instance:testCases.TestSearchPage@131774fe]" started-at="2020-11-29T07:05:39 EST" name="setUp" finished-at="2020-11-29T07:05:41 EST" duration-ms="1794" status="PASS">
          <reporter-output>
          </reporter-output>
        </test-method> <!-- setUp -->
        <test-method signature="testSearch3rdItem()[pri:0, instance:testCases.TestSearchPage@131774fe]" started-at="2020-11-29T07:05:41 EST" name="testSearch3rdItem" finished-at="2020-11-29T07:05:42 EST" duration-ms="1506" status="PASS">
          <reporter-output>
          </reporter-output>
        </test-method> <!-- testSearch3rdItem -->
        <test-method is-config="true" signature="cleanUp()[pri:0, instance:testCases.TestSearchPage@131774fe]" started-at="2020-11-29T07:05:42 EST" name="cleanUp" finished-at="2020-11-29T07:05:42 EST" duration-ms="101" status="PASS">
          <reporter-output>
          </reporter-output>
        </test-method> <!-- cleanUp -->
        <test-method is-config="true" signature="setUp()[pri:0, instance:testCases.TestSearchPage@131774fe]" started-at="2020-11-29T07:05:42 EST" name="setUp" finished-at="2020-11-29T07:05:44 EST" duration-ms="1930" status="PASS">
          <reporter-output>
          </reporter-output>
        </test-method> <!-- setUp -->
        <test-method signature="testSearch4thItem()[pri:0, instance:testCases.TestSearchPage@131774fe]" started-at="2020-11-29T07:05:44 EST" name="testSearch4thItem" finished-at="2020-11-29T07:05:45 EST" duration-ms="993" status="PASS">
          <reporter-output>
          </reporter-output>
        </test-method> <!-- testSearch4thItem -->
        <test-method is-config="true" signature="cleanUp()[pri:0, instance:testCases.TestSearchPage@131774fe]" started-at="2020-11-29T07:05:45 EST" name="cleanUp" finished-at="2020-11-29T07:05:45 EST" duration-ms="147" status="PASS">
          <reporter-output>
          </reporter-output>
        </test-method> <!-- cleanUp -->
        <test-method is-config="true" signature="setUp()[pri:0, instance:testCases.TestSearchPage@131774fe]" started-at="2020-11-29T07:05:45 EST" name="setUp" finished-at="2020-11-29T07:05:47 EST" duration-ms="1882" status="PASS">
          <reporter-output>
          </reporter-output>
        </test-method> <!-- setUp -->
        <test-method signature="testSearch5thItem()[pri:0, instance:testCases.TestSearchPage@131774fe]" started-at="2020-11-29T07:05:47 EST" name="testSearch5thItem" finished-at="2020-11-29T07:05:48 EST" duration-ms="964" status="PASS">
          <reporter-output>
          </reporter-output>
        </test-method> <!-- testSearch5thItem -->
        <test-method is-config="true" signature="cleanUp()[pri:0, instance:testCases.TestSearchPage@131774fe]" started-at="2020-11-29T07:05:48 EST" name="cleanUp" finished-at="2020-11-29T07:05:48 EST" duration-ms="150" status="PASS">
          <reporter-output>
          </reporter-output>
        </test-method> <!-- cleanUp -->
        <test-method is-config="true" signature="setUp()[pri:0, instance:testCases.TestSearchPage@131774fe]" started-at="2020-11-29T07:05:48 EST" name="setUp" finished-at="2020-11-29T07:05:51 EST" duration-ms="2053" status="PASS">
          <reporter-output>
          </reporter-output>
        </test-method> <!-- setUp -->
        <test-method signature="testSearch6thItem()[pri:0, instance:testCases.TestSearchPage@131774fe]" started-at="2020-11-29T07:05:51 EST" name="testSearch6thItem" finished-at="2020-11-29T07:05:52 EST" duration-ms="1270" status="PASS">
          <reporter-output>
          </reporter-output>
        </test-method> <!-- testSearch6thItem -->
        <test-method is-config="true" signature="cleanUp()[pri:0, instance:testCases.TestSearchPage@131774fe]" started-at="2020-11-29T07:05:52 EST" name="cleanUp" finished-at="2020-11-29T07:05:52 EST" duration-ms="123" status="PASS">
          <reporter-output>
          </reporter-output>
        </test-method> <!-- cleanUp -->
      </class> <!-- testCases.TestSearchPage -->
      <class name="testCases.TestCreateNewAccountPageWithDataProvider">
        <test-method is-config="true" signature="setUp()[pri:0, instance:testCases.TestCreateNewAccountPageWithDataProvider@3febb011]" started-at="2020-11-29T07:04:53 EST" name="setUp" finished-at="2020-11-29T07:04:55 EST" duration-ms="2268" status="PASS">
          <reporter-output>
          </reporter-output>
        </test-method> <!-- setUp -->
        <test-method signature="createNewAccountFourParameters(java.lang.String, java.lang.String, java.lang.String, java.lang.String)[pri:0, instance:testCases.TestCreateNewAccountPageWithDataProvider@3febb011]" started-at="2020-11-29T07:04:55 EST" name="createNewAccountFourParameters" data-provider="CreateNewWithFourColumns" finished-at="2020-11-29T07:04:58 EST" duration-ms="2219" status="PASS">
          <params>
            <param index="0">
              <value>
                <![CDATA[AbeerAli]]>
              </value>
            </param>
            <param index="1">
              <value>
                <![CDATA[amarali@yahoo.com]]>
              </value>
            </param>
            <param index="2">
              <value>
                <![CDATA[123adin]]>
              </value>
            </param>
            <param index="3">
              <value>
                <![CDATA[123adin]]>
              </value>
            </param>
          </params>
          <reporter-output>
          </reporter-output>
        </test-method> <!-- createNewAccountFourParameters -->
        <test-method is-config="true" signature="tearDown()[pri:0, instance:testCases.TestCreateNewAccountPageWithDataProvider@3febb011]" started-at="2020-11-29T07:04:58 EST" name="tearDown" finished-at="2020-11-29T07:04:58 EST" duration-ms="105" status="PASS">
          <reporter-output>
          </reporter-output>
        </test-method> <!-- tearDown -->
        <test-method is-config="true" signature="setUp()[pri:0, instance:testCases.TestCreateNewAccountPageWithDataProvider@3febb011]" started-at="2020-11-29T07:04:58 EST" name="setUp" finished-at="2020-11-29T07:05:00 EST" duration-ms="2054" status="PASS">
          <reporter-output>
          </reporter-output>
        </test-method> <!-- setUp -->
        <test-method signature="createNewAccountFourParameters(java.lang.String, java.lang.String, java.lang.String, java.lang.String)[pri:0, instance:testCases.TestCreateNewAccountPageWithDataProvider@3febb011]" started-at="2020-11-29T07:05:00 EST" name="createNewAccountFourParameters" data-provider="CreateNewWithFourColumns" finished-at="2020-11-29T07:05:01 EST" duration-ms="1501" status="PASS">
          <params>
            <param index="0">
              <value>
                <![CDATA[sajad]]>
              </value>
            </param>
            <param index="1">
              <value>
                <![CDATA[sajad786@Yahoo.com]]>
              </value>
            </param>
            <param index="2">
              <value>
                <![CDATA[423sun]]>
              </value>
            </param>
            <param index="3">
              <value>
                <![CDATA[423sun]]>
              </value>
            </param>
          </params>
          <reporter-output>
          </reporter-output>
        </test-method> <!-- createNewAccountFourParameters -->
        <test-method is-config="true" signature="tearDown()[pri:0, instance:testCases.TestCreateNewAccountPageWithDataProvider@3febb011]" started-at="2020-11-29T07:05:01 EST" name="tearDown" finished-at="2020-11-29T07:05:01 EST" duration-ms="155" status="PASS">
          <reporter-output>
          </reporter-output>
        </test-method> <!-- tearDown -->
        <test-method is-config="true" signature="setUp()[pri:0, instance:testCases.TestCreateNewAccountPageWithDataProvider@3febb011]" started-at="2020-11-29T07:05:01 EST" name="setUp" finished-at="2020-11-29T07:05:03 EST" duration-ms="1642" status="PASS">
          <reporter-output>
          </reporter-output>
        </test-method> <!-- setUp -->
        <test-method signature="createNewAccountFourParameters(java.lang.String, java.lang.String, java.lang.String, java.lang.String)[pri:0, instance:testCases.TestCreateNewAccountPageWithDataProvider@3febb011]" started-at="2020-11-29T07:05:03 EST" name="createNewAccountFourParameters" data-provider="CreateNewWithFourColumns" finished-at="2020-11-29T07:05:05 EST" duration-ms="1769" status="PASS">
          <params>
            <param index="0">
              <value>
                <![CDATA[Sahara]]>
              </value>
            </param>
            <param index="1">
              <value>
                <![CDATA[amarali@yahoo.com]]>
              </value>
            </param>
            <param index="2">
              <value>
                <![CDATA[123adin]]>
              </value>
            </param>
            <param index="3">
              <value>
                <![CDATA[123adin]]>
              </value>
            </param>
          </params>
          <reporter-output>
          </reporter-output>
        </test-method> <!-- createNewAccountFourParameters -->
        <test-method is-config="true" signature="tearDown()[pri:0, instance:testCases.TestCreateNewAccountPageWithDataProvider@3febb011]" started-at="2020-11-29T07:05:05 EST" name="tearDown" finished-at="2020-11-29T07:05:05 EST" duration-ms="105" status="PASS">
          <reporter-output>
          </reporter-output>
        </test-method> <!-- tearDown -->
        <test-method is-config="true" signature="setUp()[pri:0, instance:testCases.TestCreateNewAccountPageWithDataProvider@3febb011]" started-at="2020-11-29T07:05:05 EST" name="setUp" finished-at="2020-11-29T07:05:07 EST" duration-ms="2115" status="PASS">
          <reporter-output>
          </reporter-output>
        </test-method> <!-- setUp -->
        <test-method signature="createNewAccountFourParameters(java.lang.String, java.lang.String, java.lang.String, java.lang.String)[pri:0, instance:testCases.TestCreateNewAccountPageWithDataProvider@3febb011]" started-at="2020-11-29T07:05:07 EST" name="createNewAccountFourParameters" data-provider="CreateNewWithFourColumns" finished-at="2020-11-29T07:05:08 EST" duration-ms="915" status="PASS">
          <params>
            <param index="0">
              <value>
                <![CDATA[Summit]]>
              </value>
            </param>
            <param index="1">
              <value>
                <![CDATA[sajad780@Gmail]]>
              </value>
            </param>
            <param index="2">
              <value>
                <![CDATA[423sun]]>
              </value>
            </param>
            <param index="3">
              <value>
                <![CDATA[423sun]]>
              </value>
            </param>
          </params>
          <reporter-output>
          </reporter-output>
        </test-method> <!-- createNewAccountFourParameters -->
        <test-method is-config="true" signature="tearDown()[pri:0, instance:testCases.TestCreateNewAccountPageWithDataProvider@3febb011]" started-at="2020-11-29T07:05:08 EST" name="tearDown" finished-at="2020-11-29T07:05:08 EST" duration-ms="98" status="PASS">
          <reporter-output>
          </reporter-output>
        </test-method> <!-- tearDown -->
        <test-method is-config="true" signature="setUp()[pri:0, instance:testCases.TestCreateNewAccountPageWithDataProvider@3febb011]" started-at="2020-11-29T07:05:08 EST" name="setUp" finished-at="2020-11-29T07:05:10 EST" duration-ms="1890" status="PASS">
          <reporter-output>
          </reporter-output>
        </test-method> <!-- setUp -->
        <test-method signature="createNewAccountFourParameters(java.lang.String, java.lang.String, java.lang.String, java.lang.String)[pri:0, instance:testCases.TestCreateNewAccountPageWithDataProvider@3febb011]" started-at="2020-11-29T07:05:10 EST" name="createNewAccountFourParameters" data-provider="CreateNewWithFourColumns" finished-at="2020-11-29T07:05:11 EST" duration-ms="1548" status="PASS">
          <params>
            <param index="0">
              <value>
                <![CDATA[Akbar]]>
              </value>
            </param>
            <param index="1">
              <value>
                <![CDATA[amarali@yahoo.com]]>
              </value>
            </param>
            <param index="2">
              <value>
                <![CDATA[123adin]]>
              </value>
            </param>
            <param index="3">
              <value>
                <![CDATA[123adin]]>
              </value>
            </param>
          </params>
          <reporter-output>
          </reporter-output>
        </test-method> <!-- createNewAccountFourParameters -->
        <test-method is-config="true" signature="tearDown()[pri:0, instance:testCases.TestCreateNewAccountPageWithDataProvider@3febb011]" started-at="2020-11-29T07:05:11 EST" name="tearDown" finished-at="2020-11-29T07:05:12 EST" duration-ms="103" status="PASS">
          <reporter-output>
          </reporter-output>
        </test-method> <!-- tearDown -->
        <test-method is-config="true" signature="setUp()[pri:0, instance:testCases.TestCreateNewAccountPageWithDataProvider@3febb011]" started-at="2020-11-29T07:05:12 EST" name="setUp" finished-at="2020-11-29T07:05:13 EST" duration-ms="1585" status="PASS">
          <reporter-output>
          </reporter-output>
        </test-method> <!-- setUp -->
        <test-method signature="createNewAccountFourParameters(java.lang.String, java.lang.String, java.lang.String, java.lang.String)[pri:0, instance:testCases.TestCreateNewAccountPageWithDataProvider@3febb011]" started-at="2020-11-29T07:05:13 EST" name="createNewAccountFourParameters" data-provider="CreateNewWithFourColumns" finished-at="2020-11-29T07:05:15 EST" duration-ms="1693" status="PASS">
          <params>
            <param index="0">
              <value>
                <![CDATA[Sayeed]]>
              </value>
            </param>
            <param index="1">
              <value>
                <![CDATA[sajad786@Yahoo.com]]>
              </value>
            </param>
            <param index="2">
              <value>
                <![CDATA[423sun]]>
              </value>
            </param>
            <param index="3">
              <value>
                <![CDATA[423sun]]>
              </value>
            </param>
          </params>
          <reporter-output>
          </reporter-output>
        </test-method> <!-- createNewAccountFourParameters -->
        <test-method is-config="true" signature="tearDown()[pri:0, instance:testCases.TestCreateNewAccountPageWithDataProvider@3febb011]" started-at="2020-11-29T07:05:15 EST" name="tearDown" finished-at="2020-11-29T07:05:15 EST" duration-ms="101" status="PASS">
          <reporter-output>
          </reporter-output>
        </test-method> <!-- tearDown -->
        <test-method is-config="true" signature="setUp()[pri:0, instance:testCases.TestCreateNewAccountPageWithDataProvider@3febb011]" started-at="2020-11-29T07:05:15 EST" name="setUp" finished-at="2020-11-29T07:05:17 EST" duration-ms="1868" status="PASS">
          <reporter-output>
          </reporter-output>
        </test-method> <!-- setUp -->
        <test-method signature="createNewAccountThreeParameters(java.lang.String, java.lang.String, java.lang.String)[pri:0, instance:testCases.TestCreateNewAccountPageWithDataProvider@3febb011]" started-at="2020-11-29T07:05:17 EST" name="createNewAccountThreeParameters" data-provider="CreateNewWithThreeColumns" finished-at="2020-11-29T07:05:18 EST" duration-ms="875" status="PASS">
          <params>
            <param index="0">
              <value>
                <![CDATA[Ammar]]>
              </value>
            </param>
            <param index="1">
              <value>
                <![CDATA[saj413@gmail.com]]>
              </value>
            </param>
            <param index="2">
              <value>
                <![CDATA[123adin]]>
              </value>
            </param>
          </params>
          <reporter-output>
          </reporter-output>
        </test-method> <!-- createNewAccountThreeParameters -->
        <test-method is-config="true" signature="tearDown()[pri:0, instance:testCases.TestCreateNewAccountPageWithDataProvider@3febb011]" started-at="2020-11-29T07:05:18 EST" name="tearDown" finished-at="2020-11-29T07:05:18 EST" duration-ms="97" status="PASS">
          <reporter-output>
          </reporter-output>
        </test-method> <!-- tearDown -->
        <test-method is-config="true" signature="setUp()[pri:0, instance:testCases.TestCreateNewAccountPageWithDataProvider@3febb011]" started-at="2020-11-29T07:05:18 EST" name="setUp" finished-at="2020-11-29T07:05:20 EST" duration-ms="1783" status="PASS">
          <reporter-output>
          </reporter-output>
        </test-method> <!-- setUp -->
        <test-method signature="createNewAccountThreeParameters(java.lang.String, java.lang.String, java.lang.String)[pri:0, instance:testCases.TestCreateNewAccountPageWithDataProvider@3febb011]" started-at="2020-11-29T07:05:20 EST" name="createNewAccountThreeParameters" data-provider="CreateNewWithThreeColumns" finished-at="2020-11-29T07:05:20 EST" duration-ms="693" status="PASS">
          <params>
            <param index="0">
              <value>
                <![CDATA[]]>
              </value>
            </param>
            <param index="1">
              <value>
                <![CDATA[]]>
              </value>
            </param>
            <param index="2">
              <value>
                <![CDATA[]]>
              </value>
            </param>
          </params>
          <reporter-output>
          </reporter-output>
        </test-method> <!-- createNewAccountThreeParameters -->
        <test-method is-config="true" signature="tearDown()[pri:0, instance:testCases.TestCreateNewAccountPageWithDataProvider@3febb011]" started-at="2020-11-29T07:05:20 EST" name="tearDown" finished-at="2020-11-29T07:05:20 EST" duration-ms="98" status="PASS">
          <reporter-output>
          </reporter-output>
        </test-method> <!-- tearDown -->
        <test-method is-config="true" signature="setUp()[pri:0, instance:testCases.TestCreateNewAccountPageWithDataProvider@3febb011]" started-at="2020-11-29T07:05:20 EST" name="setUp" finished-at="2020-11-29T07:05:22 EST" duration-ms="1987" status="PASS">
          <reporter-output>
          </reporter-output>
        </test-method> <!-- setUp -->
        <test-method signature="createNewAccountTwoParameters(java.lang.String, java.lang.String)[pri:0, instance:testCases.TestCreateNewAccountPageWithDataProvider@3febb011]" started-at="2020-11-29T07:05:22 EST" name="createNewAccountTwoParameters" data-provider="CreateNewAcct" finished-at="2020-11-29T07:05:23 EST" duration-ms="844" status="PASS">
          <params>
            <param index="0">
              <value>
                <![CDATA[Sumiar]]>
              </value>
            </param>
            <param index="1">
              <value>
                <![CDATA[saj413@gmail.com]]>
              </value>
            </param>
          </params>
          <reporter-output>
          </reporter-output>
        </test-method> <!-- createNewAccountTwoParameters -->
        <test-method is-config="true" signature="tearDown()[pri:0, instance:testCases.TestCreateNewAccountPageWithDataProvider@3febb011]" started-at="2020-11-29T07:05:23 EST" name="tearDown" finished-at="2020-11-29T07:05:23 EST" duration-ms="151" status="PASS">
          <reporter-output>
          </reporter-output>
        </test-method> <!-- tearDown -->
        <test-method is-config="true" signature="setUp()[pri:0, instance:testCases.TestCreateNewAccountPageWithDataProvider@3febb011]" started-at="2020-11-29T07:05:23 EST" name="setUp" finished-at="2020-11-29T07:05:25 EST" duration-ms="1892" status="PASS">
          <reporter-output>
          </reporter-output>
        </test-method> <!-- setUp -->
        <test-method signature="createNewAccountTwoParameters(java.lang.String, java.lang.String)[pri:0, instance:testCases.TestCreateNewAccountPageWithDataProvider@3febb011]" started-at="2020-11-29T07:05:25 EST" name="createNewAccountTwoParameters" data-provider="CreateNewAcct" finished-at="2020-11-29T07:05:26 EST" duration-ms="809" status="PASS">
          <params>
            <param index="0">
              <value>
                <![CDATA[Adin]]>
              </value>
            </param>
            <param index="1">
              <value>
                <![CDATA[Emon@hotmail.com]]>
              </value>
            </param>
          </params>
          <reporter-output>
          </reporter-output>
        </test-method> <!-- createNewAccountTwoParameters -->
        <test-method is-config="true" signature="tearDown()[pri:0, instance:testCases.TestCreateNewAccountPageWithDataProvider@3febb011]" started-at="2020-11-29T07:05:26 EST" name="tearDown" finished-at="2020-11-29T07:05:26 EST" duration-ms="103" status="PASS">
          <reporter-output>
          </reporter-output>
        </test-method> <!-- tearDown -->
      </class> <!-- testCases.TestCreateNewAccountPageWithDataProvider -->
    </test> <!-- Surefire test -->
  </suite> <!-- Surefire suite -->
</testng-results>
