<?xml version="1.0" encoding="UTF-8"?>
<testsuite xmlns:xsi="http://www.w3.org/2001/XMLSchema-instance" xsi:noNamespaceSchemaLocation="https://maven.apache.org/surefire/maven-surefire-plugin/xsd/surefire-test-report-3.0.xsd" version="3.0" name="TestSuite" time="109.68" tests="34" errors="0" skipped="0" failures="0">
  <properties>
[...]
</properties>
  <testcase name="createNewAccountFourParameters" classname="testCases.TestCreateNewAccountPageWithDataProvider" time="2.22"/>
  <testcase name="createNewAccountFourParameters" classname="testCases.TestCreateNewAccountPageWithDataProvider" time="1.501"/>
  <testcase name="createNewAccountFourParameters" classname="testCases.TestCreateNewAccountPageWithDataProvider" time="1.77"/>
  <testcase name="createNewAccountFourParameters" classname="testCases.TestCreateNewAccountPageWithDataProvider" time="0.916"/>
  <testcase name="createNewAccountFourParameters" classname="testCases.TestCreateNewAccountPageWithDataProvider" time="1.549"/>
  <testcase name="createNewAccountFourParameters" classname="testCases.TestCreateNewAccountPageWithDataProvider" time="1.692"/>
  <testcase name="createNewAccountThreeParameters" classname="testCases.TestCreateNewAccountPageWithDataProvider" time="0.875"/>
  <testcase name="createNewAccountThreeParameters" classname="testCases.TestCreateNewAccountPageWithDataProvider" time="0.692"/>
  <testcase name="createNewAccountTwoParameters" classname="testCases.TestCreateNewAccountPageWithDataProvider" time="0.844"/>
  <testcase name="createNewAccountTwoParameters" classname="testCases.TestCreateNewAccountPageWithDataProvider" time="0.81"/>
  <testcase name="testSignIn" classname="testCases.TestIndexPage" time="0.479"/>
  <testcase name="testValidateCompanyLogo" classname="testCases.TestIndexPage" time="0.3"/>
  <testcase name="testValidateUrl" classname="testCases.TestIndexPage" time="0.048"/>
  <testcase name="testSearch1stItem" classname="testCases.TestSearchPage" time="1.363"/>
  <testcase name="testSearch2ndItem" classname="testCases.TestSearchPage" time="1.075"/>
  <testcase name="testSearch3rdItem" classname="testCases.TestSearchPage" time="1.506"/>
  <testcase name="testSearch4thItem" classname="testCases.TestSearchPage" time="0.992"/>
  <testcase name="testSearch5thItem" classname="testCases.TestSearchPage" time="0.964"/>
  <testcase name="testSearch6thItem" classname="testCases.TestSearchPage" time="1.27"/>
  <testcase name="testSearch1stItem" classname="testCases.TestSearchPageWithDataProvider" time="1.53"/>
  <testcase name="testSearch1stItem" classname="testCases.TestSearchPageWithDataProvider" time="2.053"/>
  <testcase name="testSearch1stItem" classname="testCases.TestSearchPageWithDataProvider" time="1.288"/>
  <testcase name="testSearch1stItem" classname="testCases.TestSearchPageWithDataProvider" time="0.942"/>
  <testcase name="testSearch1stItem" classname="testCases.TestSearchPageWithDataProvider" time="1.534"/>
  <testcase name="testSearch1stItem" classname="testCases.TestSearchPageWithDataProvider" time="1.404"/>
  <testcase name="testSearch2ndItem" classname="testCases.TestSearchPageWithDataProvider" time="1.773"/>
  <testcase name="testSearch2ndItem" classname="testCases.TestSearchPageWithDataProvider" time="1.039"/>
  <testcase name="testSearch2ndItem" classname="testCases.TestSearchPageWithDataProvider" time="1.263"/>
  <testcase name="testSearch2ndItem" classname="testCases.TestSearchPageWithDataProvider" time="1.536"/>
  <testcase name="testSearch3rdItem" classname="testCases.TestSearchPageWithDataProvider" time="1.308"/>
  <testcase name="testSearch3rdItem" classname="testCases.TestSearchPageWithDataProvider" time="1.162"/>
  <testcase name="testSearch3rdItem" classname="testCases.TestSearchPageWithDataProvider" time="1.496"/>
  <testcase name="createNewAccount" classname="testCases.TestCreateNewAccountPage" time="1.409"/>
  <testcase name="createNewAccountTwoParameters" classname="testCases.TestCreateNewAccountPage" time="1.32"/>
</testsuite>