<?xml version="1.0" encoding="UTF-8"?>
<testsuite xmlns:xsi="http://www.w3.org/2001/XMLSchema-instance" xsi:noNamespaceSchemaLocation="https://maven.apache.org/surefire/maven-surefire-plugin/xsd/surefire-test-report-3.0.xsd" version="3.0" name="TestSuite" time="107.85" tests="34" errors="0" skipped="0" failures="0">
  <properties>
[...]
</properties>
  <testcase name="createNewAccountFourParameters" classname="testCases.TestCreateNewAccountPageWithDataProvider" time="1.937"/>
  <testcase name="createNewAccountFourParameters" classname="testCases.TestCreateNewAccountPageWithDataProvider" time="1.695"/>
  <testcase name="createNewAccountFourParameters" classname="testCases.TestCreateNewAccountPageWithDataProvider" time="1.768"/>
  <testcase name="createNewAccountFourParameters" classname="testCases.TestCreateNewAccountPageWithDataProvider" time="1.013"/>
  <testcase name="createNewAccountFourParameters" classname="testCases.TestCreateNewAccountPageWithDataProvider" time="1.566"/>
  <testcase name="createNewAccountFourParameters" classname="testCases.TestCreateNewAccountPageWithDataProvider" time="1.528"/>
  <testcase name="createNewAccountThreeParameters" classname="testCases.TestCreateNewAccountPageWithDataProvider" time="1.001"/>
  <testcase name="createNewAccountThreeParameters" classname="testCases.TestCreateNewAccountPageWithDataProvider" time="1.104"/>
  <testcase name="createNewAccountTwoParameters" classname="testCases.TestCreateNewAccountPageWithDataProvider" time="0.812"/>
  <testcase name="createNewAccountTwoParameters" classname="testCases.TestCreateNewAccountPageWithDataProvider" time="0.753"/>
  <testcase name="testSignIn" classname="testCases.TestIndexPage" time="0.526"/>
  <testcase name="testValidateCompanyLogo" classname="testCases.TestIndexPage" time="0.046"/>
  <testcase name="testValidateUrl" classname="testCases.TestIndexPage" time="0.336"/>
  <testcase name="testSearch1stItem" classname="testCases.TestSearchPage" time="1.365"/>
  <testcase name="testSearch2ndItem" classname="testCases.TestSearchPage" time="1.103"/>
  <testcase name="testSearch3rdItem" classname="testCases.TestSearchPage" time="1.414"/>
  <testcase name="testSearch4thItem" classname="testCases.TestSearchPage" time="0.973"/>
  <testcase name="testSearch5thItem" classname="testCases.TestSearchPage" time="0.992"/>
  <testcase name="testSearch6thItem" classname="testCases.TestSearchPage" time="1.124"/>
  <testcase name="testSearch1stItem" classname="testCases.TestSearchPageWithDataProvider" time="1.303"/>
  <testcase name="testSearch1stItem" classname="testCases.TestSearchPageWithDataProvider" time="1.323"/>
  <testcase name="testSearch1stItem" classname="testCases.TestSearchPageWithDataProvider" time="1.513"/>
  <testcase name="testSearch1stItem" classname="testCases.TestSearchPageWithDataProvider" time="1.131"/>
  <testcase name="testSearch1stItem" classname="testCases.TestSearchPageWithDataProvider" time="1.425"/>
  <testcase name="testSearch1stItem" classname="testCases.TestSearchPageWithDataProvider" time="1.401"/>
  <testcase name="testSearch2ndItem" classname="testCases.TestSearchPageWithDataProvider" time="1.079"/>
  <testcase name="testSearch2ndItem" classname="testCases.TestSearchPageWithDataProvider" time="0.981"/>
  <testcase name="testSearch2ndItem" classname="testCases.TestSearchPageWithDataProvider" time="1.375"/>
  <testcase name="testSearch2ndItem" classname="testCases.TestSearchPageWithDataProvider" time="1.655"/>
  <testcase name="testSearch3rdItem" classname="testCases.TestSearchPageWithDataProvider" time="0.865"/>
  <testcase name="testSearch3rdItem" classname="testCases.TestSearchPageWithDataProvider" time="1.123"/>
  <testcase name="testSearch3rdItem" classname="testCases.TestSearchPageWithDataProvider" time="1.19"/>
  <testcase name="createNewAccount" classname="testCases.TestCreateNewAccountPage" time="1.313"/>
  <testcase name="createNewAccountTwoParameters" classname="testCases.TestCreateNewAccountPage" time="0.826"/>
</testsuite>