<?xml version="1.0" encoding="UTF-8"?>
<!-- Generated by org.testng.reporters.JUnitXMLReporter -->
<testsuite ignored="0" hostname="abcs-MBP" failures="0" tests="34" name="Surefire test" time="109.438" errors="0" timestamp="2020-11-29T07:06:42 EST">
  <testcase classname="testCases.TestCreateNewAccountPageWithDataProvider" name="createNewAccountFourParameters" time="2.219"/>
  <testcase classname="testCases.TestCreateNewAccountPageWithDataProvider" name="createNewAccountFourParameters" time="1.501"/>
  <testcase classname="testCases.TestCreateNewAccountPageWithDataProvider" name="createNewAccountFourParameters" time="1.769"/>
  <testcase classname="testCases.TestCreateNewAccountPageWithDataProvider" name="createNewAccountFourParameters" time="0.915"/>
  <testcase classname="testCases.TestCreateNewAccountPageWithDataProvider" name="createNewAccountFourParameters" time="1.548"/>
  <testcase classname="testCases.TestCreateNewAccountPageWithDataProvider" name="createNewAccountFourParameters" time="1.693"/>
  <testcase classname="testCases.TestCreateNewAccountPageWithDataProvider" name="createNewAccountThreeParameters" time="0.875"/>
  <testcase classname="testCases.TestCreateNewAccountPageWithDataProvider" name="createNewAccountThreeParameters" time="0.693"/>
  <testcase classname="testCases.TestCreateNewAccountPageWithDataProvider" name="createNewAccountTwoParameters" time="0.844"/>
  <testcase classname="testCases.TestCreateNewAccountPageWithDataProvider" name="createNewAccountTwoParameters" time="0.809"/>
  <testcase classname="testCases.TestIndexPage" name="testSignIn" time="0.479"/>
  <testcase classname="testCases.TestIndexPage" name="testValidateCompanyLogo" time="0.299"/>
  <testcase classname="testCases.TestIndexPage" name="testValidateUrl" time="0.048"/>
  <testcase classname="testCases.TestSearchPage" name="testSearch1stItem" time="1.364"/>
  <testcase classname="testCases.TestSearchPage" name="testSearch2ndItem" time="1.075"/>
  <testcase classname="testCases.TestSearchPage" name="testSearch3rdItem" time="1.506"/>
  <testcase classname="testCases.TestSearchPage" name="testSearch4thItem" time="0.993"/>
  <testcase classname="testCases.TestSearchPage" name="testSearch5thItem" time="0.964"/>
  <testcase classname="testCases.TestSearchPage" name="testSearch6thItem" time="1.27"/>
  <testcase classname="testCases.TestSearchPageWithDataProvider" name="testSearch1stItem" time="1.53"/>
  <testcase classname="testCases.TestSearchPageWithDataProvider" name="testSearch1stItem" time="2.054"/>
  <testcase classname="testCases.TestSearchPageWithDataProvider" name="testSearch1stItem" time="1.288"/>
  <testcase classname="testCases.TestSearchPageWithDataProvider" name="testSearch1stItem" time="0.942"/>
  <testcase classname="testCases.TestSearchPageWithDataProvider" name="testSearch1stItem" time="1.534"/>
  <testcase classname="testCases.TestSearchPageWithDataProvider" name="testSearch1stItem" time="1.404"/>
  <testcase classname="testCases.TestSearchPageWithDataProvider" name="testSearch2ndItem" time="1.773"/>
  <testcase classname="testCases.TestSearchPageWithDataProvider" name="testSearch2ndItem" time="1.039"/>
  <testcase classname="testCases.TestSearchPageWithDataProvider" name="testSearch2ndItem" time="1.263"/>
  <testcase classname="testCases.TestSearchPageWithDataProvider" name="testSearch2ndItem" time="1.535"/>
  <testcase classname="testCases.TestSearchPageWithDataProvider" name="testSearch3rdItem" time="1.308"/>
  <testcase classname="testCases.TestSearchPageWithDataProvider" name="testSearch3rdItem" time="1.162"/>
  <testcase classname="testCases.TestSearchPageWithDataProvider" name="testSearch3rdItem" time="1.496"/>
  <testcase classname="testCases.TestCreateNewAccountPage" name="createNewAccount" time="1.409"/>
  <testcase classname="testCases.TestCreateNewAccountPage" name="createNewAccountTwoParameters" time="1.32"/>
</testsuite> <!-- Surefire test -->
