<?xml version="1.0" encoding="UTF-8"?>
<!-- Generated by org.testng.reporters.JUnitXMLReporter -->
<testsuite ignored="0" hostname="abcs-MBP" failures="0" tests="34" name="Surefire test" time="107.624" errors="0" timestamp="2020-11-28T18:42:14 EST">
  <testcase classname="testCases.TestCreateNewAccountPageWithDataProvider" name="createNewAccountFourParameters" time="1.935"/>
  <testcase classname="testCases.TestCreateNewAccountPageWithDataProvider" name="createNewAccountFourParameters" time="1.695"/>
  <testcase classname="testCases.TestCreateNewAccountPageWithDataProvider" name="createNewAccountFourParameters" time="1.767"/>
  <testcase classname="testCases.TestCreateNewAccountPageWithDataProvider" name="createNewAccountFourParameters" time="1.014"/>
  <testcase classname="testCases.TestCreateNewAccountPageWithDataProvider" name="createNewAccountFourParameters" time="1.567"/>
  <testcase classname="testCases.TestCreateNewAccountPageWithDataProvider" name="createNewAccountFourParameters" time="1.527"/>
  <testcase classname="testCases.TestCreateNewAccountPageWithDataProvider" name="createNewAccountThreeParameters" time="1.0"/>
  <testcase classname="testCases.TestCreateNewAccountPageWithDataProvider" name="createNewAccountThreeParameters" time="1.104"/>
  <testcase classname="testCases.TestCreateNewAccountPageWithDataProvider" name="createNewAccountTwoParameters" time="0.811"/>
  <testcase classname="testCases.TestCreateNewAccountPageWithDataProvider" name="createNewAccountTwoParameters" time="0.753"/>
  <testcase classname="testCases.TestIndexPage" name="testSignIn" time="0.526"/>
  <testcase classname="testCases.TestIndexPage" name="testValidateCompanyLogo" time="0.046"/>
  <testcase classname="testCases.TestIndexPage" name="testValidateUrl" time="0.336"/>
  <testcase classname="testCases.TestSearchPage" name="testSearch1stItem" time="1.365"/>
  <testcase classname="testCases.TestSearchPage" name="testSearch2ndItem" time="1.103"/>
  <testcase classname="testCases.TestSearchPage" name="testSearch3rdItem" time="1.413"/>
  <testcase classname="testCases.TestSearchPage" name="testSearch4thItem" time="0.973"/>
  <testcase classname="testCases.TestSearchPage" name="testSearch5thItem" time="0.992"/>
  <testcase classname="testCases.TestSearchPage" name="testSearch6thItem" time="1.124"/>
  <testcase classname="testCases.TestSearchPageWithDataProvider" name="testSearch1stItem" time="1.303"/>
  <testcase classname="testCases.TestSearchPageWithDataProvider" name="testSearch1stItem" time="1.323"/>
  <testcase classname="testCases.TestSearchPageWithDataProvider" name="testSearch1stItem" time="1.513"/>
  <testcase classname="testCases.TestSearchPageWithDataProvider" name="testSearch1stItem" time="1.131"/>
  <testcase classname="testCases.TestSearchPageWithDataProvider" name="testSearch1stItem" time="1.425"/>
  <testcase classname="testCases.TestSearchPageWithDataProvider" name="testSearch1stItem" time="1.402"/>
  <testcase classname="testCases.TestSearchPageWithDataProvider" name="testSearch2ndItem" time="1.078"/>
  <testcase classname="testCases.TestSearchPageWithDataProvider" name="testSearch2ndItem" time="0.98"/>
  <testcase classname="testCases.TestSearchPageWithDataProvider" name="testSearch2ndItem" time="1.375"/>
  <testcase classname="testCases.TestSearchPageWithDataProvider" name="testSearch2ndItem" time="1.654"/>
  <testcase classname="testCases.TestSearchPageWithDataProvider" name="testSearch3rdItem" time="0.864"/>
  <testcase classname="testCases.TestSearchPageWithDataProvider" name="testSearch3rdItem" time="1.123"/>
  <testcase classname="testCases.TestSearchPageWithDataProvider" name="testSearch3rdItem" time="1.191"/>
  <testcase classname="testCases.TestCreateNewAccountPage" name="createNewAccount" time="1.313"/>
  <testcase classname="testCases.TestCreateNewAccountPage" name="createNewAccountTwoParameters" time="0.825"/>
</testsuite> <!-- Surefire test -->
